{"/home/alphabril/Documents/red-tetris/api/src/app.ts": {"path":"/home/alphabril/Documents/red-tetris/api/src/app.ts","statementMap":{"0":{"start":{"line":3,"column":12},"end":{"line":3,"column":21}},"1":{"start":{"line":4,"column":0},"end":{"line":4,"column":34}},"2":{"start":{"line":5,"column":25},"end":{"line":13,"column":1}},"3":{"start":{"line":10,"column":2},"end":{"line":10,"column":49}},"4":{"start":{"line":11,"column":2},"end":{"line":11,"column":50}},"5":{"start":{"line":12,"column":2},"end":{"line":12,"column":9}},"6":{"start":{"line":15,"column":0},"end":{"line":15,"column":26}},"7":{"start":{"line":17,"column":0},"end":{"line":17,"column":40}}},"fnMap":{"0":{"name":"(anonymous_0)","decl":{"start":{"line":5,"column":25},"end":{"line":5,"column":26}},"loc":{"start":{"line":9,"column":5},"end":{"line":13,"column":1}},"line":9}},"branchMap":{},"s":{"0":0,"1":0,"2":0,"3":0,"4":0,"5":0,"6":0,"7":0},"f":{"0":0},"b":{}}
,"/home/alphabril/Documents/red-tetris/api/src/express.d.ts": {"path":"/home/alphabril/Documents/red-tetris/api/src/express.d.ts","statementMap":{},"fnMap":{},"branchMap":{},"s":{},"f":{},"b":{}}
,"/home/alphabril/Documents/red-tetris/api/src/server.ts": {"path":"/home/alphabril/Documents/red-tetris/api/src/server.ts","statementMap":{"0":{"start":{"line":8,"column":15},"end":{"line":8,"column":37}},"1":{"start":{"line":9,"column":18},"end":{"line":14,"column":2}},"2":{"start":{"line":16,"column":22},"end":{"line":22,"column":1}},"3":{"start":{"line":17,"column":25},"end":{"line":17,"column":71}},"4":{"start":{"line":19,"column":2},"end":{"line":19,"column":40}},"5":{"start":{"line":19,"column":29},"end":{"line":19,"column":40}},"6":{"start":{"line":20,"column":2},"end":{"line":20,"column":49}},"7":{"start":{"line":20,"column":27},"end":{"line":20,"column":49}},"8":{"start":{"line":21,"column":2},"end":{"line":21,"column":15}},"9":{"start":{"line":24,"column":0},"end":{"line":24,"column":15}},"10":{"start":{"line":25,"column":13},"end":{"line":25,"column":54}},"11":{"start":{"line":26,"column":16},"end":{"line":29,"column":20}},"12":{"start":{"line":27,"column":2},"end":{"line":29,"column":20}},"13":{"start":{"line":31,"column":0},"end":{"line":31,"column":22}},"14":{"start":{"line":33,"column":21},"end":{"line":49,"column":1}},"15":{"start":{"line":34,"column":2},"end":{"line":34,"column":46}},"16":{"start":{"line":34,"column":34},"end":{"line":34,"column":46}},"17":{"start":{"line":35,"column":15},"end":{"line":35,"column":24}},"18":{"start":{"line":37,"column":2},"end":{"line":48,"column":3}},"19":{"start":{"line":39,"column":6},"end":{"line":39,"column":61}},"20":{"start":{"line":40,"column":6},"end":{"line":40,"column":22}},"21":{"start":{"line":41,"column":6},"end":{"line":41,"column":12}},"22":{"start":{"line":43,"column":6},"end":{"line":43,"column":49}},"23":{"start":{"line":44,"column":6},"end":{"line":44,"column":22}},"24":{"start":{"line":45,"column":6},"end":{"line":45,"column":12}},"25":{"start":{"line":47,"column":6},"end":{"line":47,"column":18}},"26":{"start":{"line":52,"column":2},"end":{"line":52,"column":12}},"27":{"start":{"line":54,"column":21},"end":{"line":59,"column":1}},"28":{"start":{"line":55,"column":2},"end":{"line":55,"column":54}},"29":{"start":{"line":56,"column":2},"end":{"line":56,"column":34}},"30":{"start":{"line":57,"column":2},"end":{"line":57,"column":50}},"31":{"start":{"line":58,"column":2},"end":{"line":58,"column":22}},"32":{"start":{"line":60,"column":21},"end":{"line":64,"column":1}},"33":{"start":{"line":61,"column":2},"end":{"line":61,"column":53}},"34":{"start":{"line":62,"column":2},"end":{"line":62,"column":34}},"35":{"start":{"line":63,"column":2},"end":{"line":63,"column":22}},"36":{"start":{"line":65,"column":0},"end":{"line":65,"column":34}},"37":{"start":{"line":66,"column":0},"end":{"line":66,"column":34}},"38":{"start":{"line":68,"column":0},"end":{"line":68,"column":33}},"39":{"start":{"line":69,"column":0},"end":{"line":69,"column":71}},"40":{"start":{"line":69,"column":29},"end":{"line":69,"column":69}},"41":{"start":{"line":70,"column":0},"end":{"line":70,"column":20}}},"fnMap":{"0":{"name":"(anonymous_0)","decl":{"start":{"line":16,"column":22},"end":{"line":16,"column":23}},"loc":{"start":{"line":16,"column":48},"end":{"line":22,"column":1}},"line":16},"1":{"name":"(anonymous_1)","decl":{"start":{"line":26,"column":16},"end":{"line":26,"column":17}},"loc":{"start":{"line":27,"column":2},"end":{"line":29,"column":20}},"line":27},"2":{"name":"(anonymous_2)","decl":{"start":{"line":33,"column":21},"end":{"line":33,"column":22}},"loc":{"start":{"line":33,"column":55},"end":{"line":49,"column":1}},"line":33},"3":{"name":"getSocketIo","decl":{"start":{"line":51,"column":16},"end":{"line":51,"column":27}},"loc":{"start":{"line":51,"column":30},"end":{"line":53,"column":1}},"line":51},"4":{"name":"(anonymous_4)","decl":{"start":{"line":54,"column":21},"end":{"line":54,"column":22}},"loc":{"start":{"line":54,"column":41},"end":{"line":59,"column":1}},"line":54},"5":{"name":"(anonymous_5)","decl":{"start":{"line":60,"column":21},"end":{"line":60,"column":22}},"loc":{"start":{"line":60,"column":41},"end":{"line":64,"column":1}},"line":60},"6":{"name":"(anonymous_6)","decl":{"start":{"line":69,"column":23},"end":{"line":69,"column":24}},"loc":{"start":{"line":69,"column":29},"end":{"line":69,"column":69}},"line":69}},"branchMap":{"0":{"loc":{"start":{"line":17,"column":25},"end":{"line":17,"column":71}},"type":"binary-expr","locations":[{"start":{"line":17,"column":25},"end":{"line":17,"column":52}},{"start":{"line":17,"column":57},"end":{"line":17,"column":70}}],"line":17},"1":{"loc":{"start":{"line":19,"column":2},"end":{"line":19,"column":40}},"type":"if","locations":[{"start":{"line":19,"column":2},"end":{"line":19,"column":40}},{"start":{},"end":{}}],"line":19},"2":{"loc":{"start":{"line":20,"column":2},"end":{"line":20,"column":49}},"type":"if","locations":[{"start":{"line":20,"column":2},"end":{"line":20,"column":49}},{"start":{},"end":{}}],"line":20},"3":{"loc":{"start":{"line":25,"column":27},"end":{"line":25,"column":53}},"type":"binary-expr","locations":[{"start":{"line":25,"column":27},"end":{"line":25,"column":43}},{"start":{"line":25,"column":47},"end":{"line":25,"column":53}}],"line":25},"4":{"loc":{"start":{"line":27,"column":2},"end":{"line":29,"column":20}},"type":"cond-expr","locations":[{"start":{"line":28,"column":6},"end":{"line":28,"column":31}},{"start":{"line":29,"column":6},"end":{"line":29,"column":20}}],"line":27},"5":{"loc":{"start":{"line":34,"column":2},"end":{"line":34,"column":46}},"type":"if","locations":[{"start":{"line":34,"column":2},"end":{"line":34,"column":46}},{"start":{},"end":{}}],"line":34},"6":{"loc":{"start":{"line":37,"column":2},"end":{"line":48,"column":3}},"type":"switch","locations":[{"start":{"line":38,"column":4},"end":{"line":41,"column":12}},{"start":{"line":42,"column":4},"end":{"line":45,"column":12}},{"start":{"line":46,"column":4},"end":{"line":47,"column":18}}],"line":37}},"s":{"0":0,"1":0,"2":0,"3":0,"4":0,"5":0,"6":0,"7":0,"8":0,"9":0,"10":0,"11":0,"12":0,"13":0,"14":0,"15":0,"16":0,"17":0,"18":0,"19":0,"20":0,"21":0,"22":0,"23":0,"24":0,"25":0,"26":0,"27":0,"28":0,"29":0,"30":0,"31":0,"32":0,"33":0,"34":0,"35":0,"36":0,"37":0,"38":0,"39":0,"40":0,"41":0},"f":{"0":0,"1":0,"2":0,"3":0,"4":0,"5":0,"6":0},"b":{"0":[0,0],"1":[0,0],"2":[0,0],"3":[0,0],"4":[0,0],"5":[0,0],"6":[0,0,0]}}
,"/home/alphabril/Documents/red-tetris/api/src/shared/classes/Game.ts": {"path":"/home/alphabril/Documents/red-tetris/api/src/shared/classes/Game.ts","statementMap":{"0":{"start":{"line":12,"column":4},"end":{"line":12,"column":26}},"1":{"start":{"line":13,"column":4},"end":{"line":13,"column":29}},"2":{"start":{"line":14,"column":4},"end":{"line":14,"column":26}},"3":{"start":{"line":15,"column":4},"end":{"line":15,"column":43}},"4":{"start":{"line":16,"column":4},"end":{"line":16,"column":35}},"5":{"start":{"line":17,"column":4},"end":{"line":17,"column":61}},"6":{"start":{"line":21,"column":4},"end":{"line":21,"column":24}},"7":{"start":{"line":24,"column":4},"end":{"line":24,"column":26}},"8":{"start":{"line":25,"column":4},"end":{"line":27,"column":7}},"9":{"start":{"line":26,"column":6},"end":{"line":26,"column":31}},"10":{"start":{"line":31,"column":4},"end":{"line":31,"column":28}},"11":{"start":{"line":34,"column":4},"end":{"line":34,"column":33}},"12":{"start":{"line":37,"column":4},"end":{"line":37,"column":26}},"13":{"start":{"line":41,"column":4},"end":{"line":41,"column":65}},"14":{"start":{"line":41,"column":42},"end":{"line":41,"column":63}},"15":{"start":{"line":44,"column":4},"end":{"line":44,"column":25}},"16":{"start":{"line":47,"column":4},"end":{"line":47,"column":34}},"17":{"start":{"line":50,"column":4},"end":{"line":52,"column":5}},"18":{"start":{"line":51,"column":6},"end":{"line":51,"column":19}},"19":{"start":{"line":53,"column":4},"end":{"line":55,"column":6}},"20":{"start":{"line":54,"column":18},"end":{"line":54,"column":54}},"21":{"start":{"line":56,"column":4},"end":{"line":59,"column":5}},"22":{"start":{"line":57,"column":6},"end":{"line":57,"column":37}},"23":{"start":{"line":58,"column":6},"end":{"line":58,"column":80}},"24":{"start":{"line":58,"column":23},"end":{"line":58,"column":80}},"25":{"start":{"line":60,"column":4},"end":{"line":60,"column":16}},"26":{"start":{"line":64,"column":4},"end":{"line":64,"column":26}},"27":{"start":{"line":67,"column":16},"end":{"line":67,"column":17}},"28":{"start":{"line":68,"column":4},"end":{"line":72,"column":7}},"29":{"start":{"line":69,"column":6},"end":{"line":71,"column":7}},"30":{"start":{"line":70,"column":8},"end":{"line":70,"column":16}},"31":{"start":{"line":73,"column":4},"end":{"line":75,"column":5}},"32":{"start":{"line":74,"column":6},"end":{"line":74,"column":78}},"33":{"start":{"line":74,"column":44},"end":{"line":74,"column":76}},"34":{"start":{"line":76,"column":4},"end":{"line":76,"column":17}},"35":{"start":{"line":80,"column":4},"end":{"line":80,"column":23}},"36":{"start":{"line":84,"column":20},"end":{"line":88,"column":6}},"37":{"start":{"line":85,"column":21},"end":{"line":85,"column":33}},"38":{"start":{"line":86,"column":21},"end":{"line":86,"column":33}},"39":{"start":{"line":87,"column":6},"end":{"line":87,"column":29}},"40":{"start":{"line":89,"column":21},"end":{"line":89,"column":40}},"41":{"start":{"line":90,"column":4},"end":{"line":94,"column":7}},"42":{"start":{"line":91,"column":6},"end":{"line":93,"column":7}},"43":{"start":{"line":92,"column":8},"end":{"line":92,"column":32}},"44":{"start":{"line":95,"column":4},"end":{"line":95,"column":20}},"45":{"start":{"line":99,"column":21},"end":{"line":107,"column":6}},"46":{"start":{"line":100,"column":22},"end":{"line":105,"column":7}},"47":{"start":{"line":106,"column":6},"end":{"line":106,"column":21}},"48":{"start":{"line":108,"column":4},"end":{"line":108,"column":20}}},"fnMap":{"0":{"name":"(anonymous_0)","decl":{"start":{"line":11,"column":2},"end":{"line":11,"column":3}},"loc":{"start":{"line":11,"column":54},"end":{"line":18,"column":3}},"line":11},"1":{"name":"(anonymous_1)","decl":{"start":{"line":20,"column":2},"end":{"line":20,"column":3}},"loc":{"start":{"line":20,"column":14},"end":{"line":22,"column":3}},"line":20},"2":{"name":"(anonymous_2)","decl":{"start":{"line":23,"column":2},"end":{"line":23,"column":3}},"loc":{"start":{"line":23,"column":28},"end":{"line":28,"column":3}},"line":23},"3":{"name":"(anonymous_3)","decl":{"start":{"line":25,"column":26},"end":{"line":25,"column":27}},"loc":{"start":{"line":25,"column":38},"end":{"line":27,"column":5}},"line":25},"4":{"name":"(anonymous_4)","decl":{"start":{"line":30,"column":2},"end":{"line":30,"column":3}},"loc":{"start":{"line":30,"column":18},"end":{"line":32,"column":3}},"line":30},"5":{"name":"(anonymous_5)","decl":{"start":{"line":33,"column":2},"end":{"line":33,"column":3}},"loc":{"start":{"line":33,"column":30},"end":{"line":35,"column":3}},"line":33},"6":{"name":"(anonymous_6)","decl":{"start":{"line":36,"column":2},"end":{"line":36,"column":3}},"loc":{"start":{"line":36,"column":20},"end":{"line":38,"column":3}},"line":36},"7":{"name":"(anonymous_7)","decl":{"start":{"line":40,"column":2},"end":{"line":40,"column":3}},"loc":{"start":{"line":40,"column":24},"end":{"line":42,"column":3}},"line":40},"8":{"name":"(anonymous_8)","decl":{"start":{"line":41,"column":30},"end":{"line":41,"column":31}},"loc":{"start":{"line":41,"column":42},"end":{"line":41,"column":63}},"line":41},"9":{"name":"(anonymous_9)","decl":{"start":{"line":43,"column":2},"end":{"line":43,"column":3}},"loc":{"start":{"line":43,"column":15},"end":{"line":45,"column":3}},"line":43},"10":{"name":"(anonymous_10)","decl":{"start":{"line":46,"column":2},"end":{"line":46,"column":3}},"loc":{"start":{"line":46,"column":31},"end":{"line":48,"column":3}},"line":46},"11":{"name":"(anonymous_11)","decl":{"start":{"line":49,"column":2},"end":{"line":49,"column":3}},"loc":{"start":{"line":49,"column":34},"end":{"line":61,"column":3}},"line":49},"12":{"name":"(anonymous_12)","decl":{"start":{"line":54,"column":6},"end":{"line":54,"column":7}},"loc":{"start":{"line":54,"column":18},"end":{"line":54,"column":54}},"line":54},"13":{"name":"(anonymous_13)","decl":{"start":{"line":63,"column":2},"end":{"line":63,"column":3}},"loc":{"start":{"line":63,"column":16},"end":{"line":65,"column":3}},"line":63},"14":{"name":"(anonymous_14)","decl":{"start":{"line":66,"column":2},"end":{"line":66,"column":3}},"loc":{"start":{"line":66,"column":16},"end":{"line":77,"column":3}},"line":66},"15":{"name":"(anonymous_15)","decl":{"start":{"line":68,"column":26},"end":{"line":68,"column":27}},"loc":{"start":{"line":68,"column":38},"end":{"line":72,"column":5}},"line":68},"16":{"name":"(anonymous_16)","decl":{"start":{"line":74,"column":32},"end":{"line":74,"column":33}},"loc":{"start":{"line":74,"column":44},"end":{"line":74,"column":76}},"line":74},"17":{"name":"(anonymous_17)","decl":{"start":{"line":79,"column":2},"end":{"line":79,"column":3}},"loc":{"start":{"line":79,"column":13},"end":{"line":81,"column":3}},"line":79},"18":{"name":"(anonymous_18)","decl":{"start":{"line":83,"column":2},"end":{"line":83,"column":3}},"loc":{"start":{"line":83,"column":26},"end":{"line":96,"column":3}},"line":83},"19":{"name":"(anonymous_19)","decl":{"start":{"line":84,"column":39},"end":{"line":84,"column":40}},"loc":{"start":{"line":84,"column":49},"end":{"line":88,"column":5}},"line":84},"20":{"name":"(anonymous_20)","decl":{"start":{"line":90,"column":20},"end":{"line":90,"column":21}},"loc":{"start":{"line":90,"column":39},"end":{"line":94,"column":5}},"line":90},"21":{"name":"(anonymous_21)","decl":{"start":{"line":98,"column":2},"end":{"line":98,"column":3}},"loc":{"start":{"line":98,"column":16},"end":{"line":109,"column":3}},"line":98},"22":{"name":"(anonymous_22)","decl":{"start":{"line":99,"column":39},"end":{"line":99,"column":40}},"loc":{"start":{"line":99,"column":51},"end":{"line":107,"column":5}},"line":99}},"branchMap":{"0":{"loc":{"start":{"line":50,"column":4},"end":{"line":52,"column":5}},"type":"if","locations":[{"start":{"line":50,"column":4},"end":{"line":52,"column":5}},{"start":{},"end":{}}],"line":50},"1":{"loc":{"start":{"line":56,"column":4},"end":{"line":59,"column":5}},"type":"if","locations":[{"start":{"line":56,"column":4},"end":{"line":59,"column":5}},{"start":{},"end":{}}],"line":56},"2":{"loc":{"start":{"line":58,"column":6},"end":{"line":58,"column":80}},"type":"if","locations":[{"start":{"line":58,"column":6},"end":{"line":58,"column":80}},{"start":{},"end":{}}],"line":58},"3":{"loc":{"start":{"line":69,"column":6},"end":{"line":71,"column":7}},"type":"if","locations":[{"start":{"line":69,"column":6},"end":{"line":71,"column":7}},{"start":{},"end":{}}],"line":69},"4":{"loc":{"start":{"line":73,"column":4},"end":{"line":75,"column":5}},"type":"if","locations":[{"start":{"line":73,"column":4},"end":{"line":75,"column":5}},{"start":{},"end":{}}],"line":73},"5":{"loc":{"start":{"line":91,"column":6},"end":{"line":93,"column":7}},"type":"if","locations":[{"start":{"line":91,"column":6},"end":{"line":93,"column":7}},{"start":{},"end":{}}],"line":91}},"s":{"0":3,"1":3,"2":3,"3":3,"4":3,"5":3,"6":5,"7":4,"8":4,"9":6,"10":11,"11":11,"12":2,"13":26,"14":35,"15":12,"16":4,"17":5,"18":1,"19":4,"20":11,"21":4,"22":3,"23":3,"24":3,"25":4,"26":24,"27":2,"28":2,"29":3,"30":1,"31":2,"32":1,"33":1,"34":1,"35":8,"36":4,"37":2,"38":2,"39":2,"40":4,"41":4,"42":6,"43":4,"44":4,"45":4,"46":6,"47":6,"48":4},"f":{"0":3,"1":5,"2":4,"3":6,"4":11,"5":11,"6":2,"7":26,"8":35,"9":12,"10":4,"11":5,"12":11,"13":24,"14":2,"15":3,"16":1,"17":8,"18":4,"19":2,"20":6,"21":4,"22":6},"b":{"0":[1,4],"1":[3,1],"2":[3,0],"3":[1,2],"4":[1,1],"5":[4,2]},"_coverageSchema":"1a1c01bbd47fc00a2c39e90264f33305004495a9","hash":"3be2640505c50d56529f1817a77705fd82fb293d"}
,"/home/alphabril/Documents/red-tetris/api/src/shared/classes/Piece.ts": {"path":"/home/alphabril/Documents/red-tetris/api/src/shared/classes/Piece.ts","statementMap":{"0":{"start":{"line":7,"column":24},"end":{"line":87,"column":3}},"1":{"start":{"line":90,"column":18},"end":{"line":90,"column":57}},"2":{"start":{"line":91,"column":4},"end":{"line":91,"column":40}},"3":{"start":{"line":92,"column":4},"end":{"line":92,"column":40}},"4":{"start":{"line":93,"column":4},"end":{"line":93,"column":48}},"5":{"start":{"line":94,"column":4},"end":{"line":94,"column":48}},"6":{"start":{"line":95,"column":4},"end":{"line":95,"column":48}},"7":{"start":{"line":99,"column":4},"end":{"line":105,"column":6}}},"fnMap":{"0":{"name":"(anonymous_0)","decl":{"start":{"line":89,"column":2},"end":{"line":89,"column":3}},"loc":{"start":{"line":89,"column":16},"end":{"line":96,"column":3}},"line":89},"1":{"name":"(anonymous_1)","decl":{"start":{"line":98,"column":2},"end":{"line":98,"column":3}},"loc":{"start":{"line":98,"column":18},"end":{"line":106,"column":3}},"line":98}},"branchMap":{},"s":{"0":11,"1":11,"2":11,"3":11,"4":11,"5":11,"6":11,"7":15},"f":{"0":11,"1":15},"b":{},"_coverageSchema":"1a1c01bbd47fc00a2c39e90264f33305004495a9","hash":"a6dea1406be80f7ea9af7f9bc8d1b569d7534681"}
,"/home/alphabril/Documents/red-tetris/api/src/shared/classes/Player.ts": {"path":"/home/alphabril/Documents/red-tetris/api/src/shared/classes/Player.ts","statementMap":{"0":{"start":{"line":11,"column":4},"end":{"line":11,"column":18}},"1":{"start":{"line":12,"column":4},"end":{"line":12,"column":20}},"2":{"start":{"line":13,"column":4},"end":{"line":13,"column":29}},"3":{"start":{"line":14,"column":4},"end":{"line":14,"column":22}},"4":{"start":{"line":15,"column":4},"end":{"line":15,"column":20}},"5":{"start":{"line":16,"column":4},"end":{"line":16,"column":29}},"6":{"start":{"line":20,"column":4},"end":{"line":20,"column":20}},"7":{"start":{"line":24,"column":4},"end":{"line":24,"column":22}},"8":{"start":{"line":28,"column":4},"end":{"line":28,"column":23}},"9":{"start":{"line":31,"column":4},"end":{"line":31,"column":24}},"10":{"start":{"line":35,"column":4},"end":{"line":35,"column":24}},"11":{"start":{"line":38,"column":4},"end":{"line":38,"column":26}},"12":{"start":{"line":42,"column":4},"end":{"line":42,"column":23}},"13":{"start":{"line":45,"column":4},"end":{"line":60,"column":5}},"14":{"start":{"line":47,"column":8},"end":{"line":47,"column":26}},"15":{"start":{"line":48,"column":8},"end":{"line":48,"column":14}},"16":{"start":{"line":50,"column":8},"end":{"line":50,"column":27}},"17":{"start":{"line":51,"column":8},"end":{"line":51,"column":14}},"18":{"start":{"line":53,"column":8},"end":{"line":53,"column":27}},"19":{"start":{"line":54,"column":8},"end":{"line":54,"column":14}},"20":{"start":{"line":56,"column":8},"end":{"line":56,"column":28}},"21":{"start":{"line":57,"column":8},"end":{"line":57,"column":14}},"22":{"start":{"line":59,"column":8},"end":{"line":59,"column":24}},"23":{"start":{"line":64,"column":4},"end":{"line":64,"column":24}},"24":{"start":{"line":67,"column":4},"end":{"line":67,"column":26}}},"fnMap":{"0":{"name":"(anonymous_0)","decl":{"start":{"line":10,"column":2},"end":{"line":10,"column":3}},"loc":{"start":{"line":10,"column":40},"end":{"line":17,"column":3}},"line":10},"1":{"name":"(anonymous_1)","decl":{"start":{"line":19,"column":2},"end":{"line":19,"column":3}},"loc":{"start":{"line":19,"column":10},"end":{"line":21,"column":3}},"line":19},"2":{"name":"(anonymous_2)","decl":{"start":{"line":23,"column":2},"end":{"line":23,"column":3}},"loc":{"start":{"line":23,"column":12},"end":{"line":25,"column":3}},"line":23},"3":{"name":"(anonymous_3)","decl":{"start":{"line":27,"column":2},"end":{"line":27,"column":3}},"loc":{"start":{"line":27,"column":13},"end":{"line":29,"column":3}},"line":27},"4":{"name":"(anonymous_4)","decl":{"start":{"line":30,"column":2},"end":{"line":30,"column":3}},"loc":{"start":{"line":30,"column":26},"end":{"line":32,"column":3}},"line":30},"5":{"name":"(anonymous_5)","decl":{"start":{"line":34,"column":2},"end":{"line":34,"column":3}},"loc":{"start":{"line":34,"column":14},"end":{"line":36,"column":3}},"line":34},"6":{"name":"(anonymous_6)","decl":{"start":{"line":37,"column":2},"end":{"line":37,"column":3}},"loc":{"start":{"line":37,"column":28},"end":{"line":39,"column":3}},"line":37},"7":{"name":"(anonymous_7)","decl":{"start":{"line":41,"column":2},"end":{"line":41,"column":3}},"loc":{"start":{"line":41,"column":13},"end":{"line":43,"column":3}},"line":41},"8":{"name":"(anonymous_8)","decl":{"start":{"line":44,"column":2},"end":{"line":44,"column":3}},"loc":{"start":{"line":44,"column":26},"end":{"line":61,"column":3}},"line":44},"9":{"name":"(anonymous_9)","decl":{"start":{"line":63,"column":2},"end":{"line":63,"column":3}},"loc":{"start":{"line":63,"column":14},"end":{"line":65,"column":3}},"line":63},"10":{"name":"(anonymous_10)","decl":{"start":{"line":66,"column":2},"end":{"line":66,"column":3}},"loc":{"start":{"line":66,"column":42},"end":{"line":68,"column":3}},"line":66}},"branchMap":{"0":{"loc":{"start":{"line":45,"column":4},"end":{"line":60,"column":5}},"type":"switch","locations":[{"start":{"line":46,"column":6},"end":{"line":48,"column":14}},{"start":{"line":49,"column":6},"end":{"line":51,"column":14}},{"start":{"line":52,"column":6},"end":{"line":54,"column":14}},{"start":{"line":55,"column":6},"end":{"line":57,"column":14}},{"start":{"line":58,"column":6},"end":{"line":59,"column":24}}],"line":45}},"s":{"0":8,"1":8,"2":8,"3":8,"4":8,"5":8,"6":93,"7":13,"8":10,"9":4,"10":14,"11":9,"12":12,"13":9,"14":1,"15":1,"16":2,"17":2,"18":1,"19":1,"20":1,"21":1,"22":4,"23":8,"24":6},"f":{"0":8,"1":93,"2":13,"3":10,"4":4,"5":14,"6":9,"7":12,"8":9,"9":8,"10":6},"b":{"0":[1,2,1,1,4]},"_coverageSchema":"1a1c01bbd47fc00a2c39e90264f33305004495a9","hash":"607afa105f71c17093247f286f25ac0e0c1103cd"}
,"/home/alphabril/Documents/red-tetris/api/src/shared/socket/Room.d.ts": {"path":"/home/alphabril/Documents/red-tetris/api/src/shared/socket/Room.d.ts","statementMap":{},"fnMap":{},"branchMap":{},"s":{},"f":{},"b":{}}
,"/home/alphabril/Documents/red-tetris/api/src/shared/socket/Tetraminos.d.ts": {"path":"/home/alphabril/Documents/red-tetris/api/src/shared/socket/Tetraminos.d.ts","statementMap":{},"fnMap":{},"branchMap":{},"s":{},"f":{},"b":{}}
,"/home/alphabril/Documents/red-tetris/api/src/shared/socket/socket.d.ts": {"path":"/home/alphabril/Documents/red-tetris/api/src/shared/socket/socket.d.ts","statementMap":{},"fnMap":{},"branchMap":{},"s":{},"f":{},"b":{}}
,"/home/alphabril/Documents/red-tetris/api/src/shared/socket/socket.ts": {"path":"/home/alphabril/Documents/red-tetris/api/src/shared/socket/socket.ts","statementMap":{"0":{"start":{"line":6,"column":14},"end":{"line":6,"column":24}},"1":{"start":{"line":8,"column":23},"end":{"line":15,"column":1}},"2":{"start":{"line":9,"column":2},"end":{"line":9,"column":89}},"3":{"start":{"line":9,"column":51},"end":{"line":9,"column":87}},"4":{"start":{"line":10,"column":2},"end":{"line":10,"column":91}},"5":{"start":{"line":10,"column":52},"end":{"line":10,"column":89}},"6":{"start":{"line":11,"column":2},"end":{"line":11,"column":87}},"7":{"start":{"line":11,"column":49},"end":{"line":11,"column":85}},"8":{"start":{"line":12,"column":2},"end":{"line":12,"column":83}},"9":{"start":{"line":12,"column":48},"end":{"line":12,"column":81}},"10":{"start":{"line":13,"column":2},"end":{"line":13,"column":93}},"11":{"start":{"line":13,"column":55},"end":{"line":13,"column":91}},"12":{"start":{"line":14,"column":2},"end":{"line":14,"column":62}},"13":{"start":{"line":14,"column":32},"end":{"line":14,"column":60}}},"fnMap":{"0":{"name":"(anonymous_0)","decl":{"start":{"line":8,"column":23},"end":{"line":8,"column":24}},"loc":{"start":{"line":8,"column":55},"end":{"line":15,"column":1}},"line":8},"1":{"name":"(anonymous_1)","decl":{"start":{"line":9,"column":26},"end":{"line":9,"column":27}},"loc":{"start":{"line":9,"column":51},"end":{"line":9,"column":87}},"line":9},"2":{"name":"(anonymous_2)","decl":{"start":{"line":10,"column":27},"end":{"line":10,"column":28}},"loc":{"start":{"line":10,"column":52},"end":{"line":10,"column":89}},"line":10},"3":{"name":"(anonymous_3)","decl":{"start":{"line":11,"column":24},"end":{"line":11,"column":25}},"loc":{"start":{"line":11,"column":49},"end":{"line":11,"column":85}},"line":11},"4":{"name":"(anonymous_4)","decl":{"start":{"line":12,"column":29},"end":{"line":12,"column":30}},"loc":{"start":{"line":12,"column":48},"end":{"line":12,"column":81}},"line":12},"5":{"name":"(anonymous_5)","decl":{"start":{"line":13,"column":30},"end":{"line":13,"column":31}},"loc":{"start":{"line":13,"column":55},"end":{"line":13,"column":91}},"line":13},"6":{"name":"(anonymous_6)","decl":{"start":{"line":14,"column":26},"end":{"line":14,"column":27}},"loc":{"start":{"line":14,"column":32},"end":{"line":14,"column":60}},"line":14}},"branchMap":{},"s":{"0":0,"1":0,"2":0,"3":0,"4":0,"5":0,"6":0,"7":0,"8":0,"9":0,"10":0,"11":0,"12":0,"13":0},"f":{"0":0,"1":0,"2":0,"3":0,"4":0,"5":0,"6":0},"b":{}}
,"/home/alphabril/Documents/red-tetris/api/src/shared/socket/socketActions.ts": {"path":"/home/alphabril/Documents/red-tetris/api/src/shared/socket/socketActions.ts","statementMap":{"0":{"start":{"line":7,"column":24},"end":{"line":41,"column":1}},"1":{"start":{"line":8,"column":2},"end":{"line":8,"column":28}},"2":{"start":{"line":9,"column":15},"end":{"line":9,"column":68}},"3":{"start":{"line":9,"column":34},"end":{"line":9,"column":67}},"4":{"start":{"line":10,"column":2},"end":{"line":40,"column":3}},"5":{"start":{"line":11,"column":4},"end":{"line":15,"column":6}},"6":{"start":{"line":16,"column":4},"end":{"line":19,"column":6}},"7":{"start":{"line":20,"column":4},"end":{"line":20,"column":56}},"8":{"start":{"line":21,"column":20},"end":{"line":21,"column":37}},"9":{"start":{"line":22,"column":20},"end":{"line":22,"column":68}},"10":{"start":{"line":23,"column":4},"end":{"line":32,"column":5}},"11":{"start":{"line":24,"column":6},"end":{"line":31,"column":9}},"12":{"start":{"line":25,"column":19},"end":{"line":25,"column":33}},"13":{"start":{"line":26,"column":8},"end":{"line":30,"column":9}},"14":{"start":{"line":27,"column":10},"end":{"line":27,"column":36}},"15":{"start":{"line":29,"column":10},"end":{"line":29,"column":59}},"16":{"start":{"line":33,"column":4},"end":{"line":33,"column":49}},"17":{"start":{"line":35,"column":4},"end":{"line":37,"column":6}},"18":{"start":{"line":38,"column":4},"end":{"line":38,"column":64}},"19":{"start":{"line":39,"column":4},"end":{"line":39,"column":25}},"20":{"start":{"line":43,"column":25},"end":{"line":59,"column":1}},"21":{"start":{"line":44,"column":2},"end":{"line":44,"column":61}},"22":{"start":{"line":45,"column":19},"end":{"line":45,"column":30}},"23":{"start":{"line":46,"column":15},"end":{"line":46,"column":68}},"24":{"start":{"line":46,"column":34},"end":{"line":46,"column":67}},"25":{"start":{"line":47,"column":2},"end":{"line":58,"column":3}},"26":{"start":{"line":48,"column":4},"end":{"line":48,"column":33}},"27":{"start":{"line":49,"column":22},"end":{"line":49,"column":24}},"28":{"start":{"line":50,"column":4},"end":{"line":54,"column":5}},"29":{"start":{"line":50,"column":17},"end":{"line":50,"column":18}},"30":{"start":{"line":51,"column":20},"end":{"line":51,"column":31}},"31":{"start":{"line":52,"column":6},"end":{"line":52,"column":32}},"32":{"start":{"line":53,"column":6},"end":{"line":53,"column":44}},"33":{"start":{"line":55,"column":4},"end":{"line":55,"column":59}},"34":{"start":{"line":56,"column":4},"end":{"line":56,"column":30}},"35":{"start":{"line":57,"column":4},"end":{"line":57,"column":73}},"36":{"start":{"line":61,"column":24},"end":{"line":95,"column":3}},"37":{"start":{"line":62,"column":17},"end":{"line":62,"column":70}},"38":{"start":{"line":62,"column":36},"end":{"line":62,"column":69}},"39":{"start":{"line":63,"column":19},"end":{"line":63,"column":45}},"40":{"start":{"line":64,"column":4},"end":{"line":72,"column":5}},"41":{"start":{"line":69,"column":6},"end":{"line":69,"column":58}},"42":{"start":{"line":70,"column":23},"end":{"line":70,"column":34}},"43":{"start":{"line":71,"column":6},"end":{"line":71,"column":35}},"44":{"start":{"line":73,"column":4},"end":{"line":94,"column":5}},"45":{"start":{"line":74,"column":6},"end":{"line":74,"column":66}},"46":{"start":{"line":75,"column":6},"end":{"line":77,"column":7}},"47":{"start":{"line":76,"column":8},"end":{"line":76,"column":39}},"48":{"start":{"line":78,"column":6},"end":{"line":78,"column":45}},"49":{"start":{"line":79,"column":6},"end":{"line":82,"column":8}},"50":{"start":{"line":83,"column":24},"end":{"line":83,"column":26}},"51":{"start":{"line":84,"column":6},"end":{"line":88,"column":7}},"52":{"start":{"line":84,"column":19},"end":{"line":84,"column":20}},"53":{"start":{"line":85,"column":8},"end":{"line":87,"column":10}},"54":{"start":{"line":89,"column":6},"end":{"line":91,"column":46}},"55":{"start":{"line":92,"column":6},"end":{"line":92,"column":42}},"56":{"start":{"line":93,"column":6},"end":{"line":93,"column":59}},"57":{"start":{"line":97,"column":23},"end":{"line":114,"column":3}},"58":{"start":{"line":98,"column":17},"end":{"line":98,"column":64}},"59":{"start":{"line":98,"column":38},"end":{"line":98,"column":63}},"60":{"start":{"line":99,"column":4},"end":{"line":101,"column":6}},"61":{"start":{"line":102,"column":4},"end":{"line":113,"column":5}},"62":{"start":{"line":103,"column":6},"end":{"line":103,"column":49}},"63":{"start":{"line":104,"column":6},"end":{"line":112,"column":7}},"64":{"start":{"line":105,"column":8},"end":{"line":110,"column":10}},"65":{"start":{"line":111,"column":8},"end":{"line":111,"column":75}},"66":{"start":{"line":116,"column":24},"end":{"line":164,"column":1}},"67":{"start":{"line":117,"column":15},"end":{"line":117,"column":68}},"68":{"start":{"line":117,"column":34},"end":{"line":117,"column":67}},"69":{"start":{"line":118,"column":2},"end":{"line":163,"column":3}},"70":{"start":{"line":119,"column":4},"end":{"line":119,"column":54}},"71":{"start":{"line":120,"column":4},"end":{"line":120,"column":55}},"72":{"start":{"line":121,"column":4},"end":{"line":123,"column":44}},"73":{"start":{"line":124,"column":19},"end":{"line":124,"column":37}},"74":{"start":{"line":125,"column":4},"end":{"line":158,"column":5}},"75":{"start":{"line":126,"column":6},"end":{"line":126,"column":33}},"76":{"start":{"line":127,"column":6},"end":{"line":130,"column":8}},"77":{"start":{"line":131,"column":6},"end":{"line":133,"column":46}},"78":{"start":{"line":134,"column":6},"end":{"line":134,"column":32}},"79":{"start":{"line":135,"column":6},"end":{"line":135,"column":29}},"80":{"start":{"line":136,"column":6},"end":{"line":136,"column":51}},"81":{"start":{"line":137,"column":6},"end":{"line":137,"column":43}},"82":{"start":{"line":138,"column":6},"end":{"line":142,"column":9}},"83":{"start":{"line":139,"column":8},"end":{"line":139,"column":27}},"84":{"start":{"line":140,"column":8},"end":{"line":140,"column":27}},"85":{"start":{"line":141,"column":8},"end":{"line":141,"column":36}},"86":{"start":{"line":143,"column":11},"end":{"line":158,"column":5}},"87":{"start":{"line":144,"column":6},"end":{"line":144,"column":32}},"88":{"start":{"line":145,"column":6},"end":{"line":145,"column":40}},"89":{"start":{"line":146,"column":6},"end":{"line":146,"column":29}},"90":{"start":{"line":147,"column":6},"end":{"line":147,"column":51}},"91":{"start":{"line":148,"column":6},"end":{"line":152,"column":9}},"92":{"start":{"line":149,"column":8},"end":{"line":149,"column":27}},"93":{"start":{"line":150,"column":8},"end":{"line":150,"column":27}},"94":{"start":{"line":151,"column":8},"end":{"line":151,"column":36}},"95":{"start":{"line":153,"column":6},"end":{"line":153,"column":40}},"96":{"start":{"line":155,"column":6},"end":{"line":157,"column":46}},"97":{"start":{"line":159,"column":4},"end":{"line":162,"column":6}},"98":{"start":{"line":166,"column":25},"end":{"line":190,"column":1}},"99":{"start":{"line":167,"column":2},"end":{"line":167,"column":39}},"100":{"start":{"line":168,"column":2},"end":{"line":189,"column":5}},"101":{"start":{"line":169,"column":19},"end":{"line":169,"column":44}},"102":{"start":{"line":170,"column":4},"end":{"line":188,"column":5}},"103":{"start":{"line":171,"column":6},"end":{"line":187,"column":7}},"104":{"start":{"line":172,"column":8},"end":{"line":172,"column":28}},"105":{"start":{"line":173,"column":8},"end":{"line":173,"column":31}},"106":{"start":{"line":175,"column":8},"end":{"line":179,"column":18}},"107":{"start":{"line":180,"column":8},"end":{"line":180,"column":34}},"108":{"start":{"line":181,"column":8},"end":{"line":181,"column":53}},"109":{"start":{"line":182,"column":24},"end":{"line":182,"column":41}},"110":{"start":{"line":183,"column":8},"end":{"line":186,"column":11}},"111":{"start":{"line":184,"column":21},"end":{"line":184,"column":35}},"112":{"start":{"line":185,"column":10},"end":{"line":185,"column":59}}},"fnMap":{"0":{"name":"(anonymous_0)","decl":{"start":{"line":7,"column":24},"end":{"line":7,"column":25}},"loc":{"start":{"line":7,"column":92},"end":{"line":41,"column":1}},"line":7},"1":{"name":"(anonymous_1)","decl":{"start":{"line":9,"column":26},"end":{"line":9,"column":27}},"loc":{"start":{"line":9,"column":34},"end":{"line":9,"column":67}},"line":9},"2":{"name":"(anonymous_2)","decl":{"start":{"line":24,"column":22},"end":{"line":24,"column":23}},"loc":{"start":{"line":24,"column":34},"end":{"line":31,"column":7}},"line":24},"3":{"name":"(anonymous_3)","decl":{"start":{"line":43,"column":25},"end":{"line":43,"column":26}},"loc":{"start":{"line":43,"column":93},"end":{"line":59,"column":1}},"line":43},"4":{"name":"(anonymous_4)","decl":{"start":{"line":46,"column":26},"end":{"line":46,"column":27}},"loc":{"start":{"line":46,"column":34},"end":{"line":46,"column":67}},"line":46},"5":{"name":"(anonymous_5)","decl":{"start":{"line":61,"column":24},"end":{"line":61,"column":25}},"loc":{"start":{"line":61,"column":92},"end":{"line":95,"column":3}},"line":61},"6":{"name":"(anonymous_6)","decl":{"start":{"line":62,"column":28},"end":{"line":62,"column":29}},"loc":{"start":{"line":62,"column":36},"end":{"line":62,"column":69}},"line":62},"7":{"name":"(anonymous_7)","decl":{"start":{"line":97,"column":23},"end":{"line":97,"column":24}},"loc":{"start":{"line":97,"column":85},"end":{"line":114,"column":3}},"line":97},"8":{"name":"(anonymous_8)","decl":{"start":{"line":98,"column":28},"end":{"line":98,"column":29}},"loc":{"start":{"line":98,"column":38},"end":{"line":98,"column":63}},"line":98},"9":{"name":"(anonymous_9)","decl":{"start":{"line":116,"column":24},"end":{"line":116,"column":25}},"loc":{"start":{"line":116,"column":92},"end":{"line":164,"column":1}},"line":116},"10":{"name":"(anonymous_10)","decl":{"start":{"line":117,"column":26},"end":{"line":117,"column":27}},"loc":{"start":{"line":117,"column":34},"end":{"line":117,"column":67}},"line":117},"11":{"name":"(anonymous_11)","decl":{"start":{"line":138,"column":32},"end":{"line":138,"column":33}},"loc":{"start":{"line":138,"column":44},"end":{"line":142,"column":7}},"line":138},"12":{"name":"(anonymous_12)","decl":{"start":{"line":148,"column":32},"end":{"line":148,"column":33}},"loc":{"start":{"line":148,"column":44},"end":{"line":152,"column":7}},"line":148},"13":{"name":"(anonymous_13)","decl":{"start":{"line":166,"column":25},"end":{"line":166,"column":26}},"loc":{"start":{"line":166,"column":72},"end":{"line":190,"column":1}},"line":166},"14":{"name":"(anonymous_14)","decl":{"start":{"line":168,"column":16},"end":{"line":168,"column":17}},"loc":{"start":{"line":168,"column":33},"end":{"line":189,"column":3}},"line":168},"15":{"name":"(anonymous_15)","decl":{"start":{"line":183,"column":24},"end":{"line":183,"column":25}},"loc":{"start":{"line":183,"column":36},"end":{"line":186,"column":9}},"line":183}},"branchMap":{"0":{"loc":{"start":{"line":10,"column":2},"end":{"line":40,"column":3}},"type":"if","locations":[{"start":{"line":10,"column":2},"end":{"line":40,"column":3}},{"start":{"line":34,"column":9},"end":{"line":40,"column":3}}],"line":10},"1":{"loc":{"start":{"line":23,"column":4},"end":{"line":32,"column":5}},"type":"if","locations":[{"start":{"line":23,"column":4},"end":{"line":32,"column":5}},{"start":{},"end":{}}],"line":23},"2":{"loc":{"start":{"line":26,"column":8},"end":{"line":30,"column":9}},"type":"if","locations":[{"start":{"line":26,"column":8},"end":{"line":30,"column":9}},{"start":{"line":28,"column":15},"end":{"line":30,"column":9}}],"line":26},"3":{"loc":{"start":{"line":47,"column":2},"end":{"line":58,"column":3}},"type":"if","locations":[{"start":{"line":47,"column":2},"end":{"line":58,"column":3}},{"start":{},"end":{}}],"line":47},"4":{"loc":{"start":{"line":64,"column":4},"end":{"line":72,"column":5}},"type":"if","locations":[{"start":{"line":64,"column":4},"end":{"line":72,"column":5}},{"start":{},"end":{}}],"line":64},"5":{"loc":{"start":{"line":65,"column":6},"end":{"line":67,"column":59}},"type":"binary-expr","locations":[{"start":{"line":65,"column":6},"end":{"line":65,"column":12}},{"start":{"line":66,"column":6},"end":{"line":66,"column":10}},{"start":{"line":67,"column":6},"end":{"line":67,"column":59}}],"line":65},"6":{"loc":{"start":{"line":73,"column":4},"end":{"line":94,"column":5}},"type":"if","locations":[{"start":{"line":73,"column":4},"end":{"line":94,"column":5}},{"start":{},"end":{}}],"line":73},"7":{"loc":{"start":{"line":73,"column":8},"end":{"line":73,"column":22}},"type":"binary-expr","locations":[{"start":{"line":73,"column":8},"end":{"line":73,"column":14}},{"start":{"line":73,"column":18},"end":{"line":73,"column":22}}],"line":73},"8":{"loc":{"start":{"line":75,"column":6},"end":{"line":77,"column":7}},"type":"if","locations":[{"start":{"line":75,"column":6},"end":{"line":77,"column":7}},{"start":{},"end":{}}],"line":75},"9":{"loc":{"start":{"line":102,"column":4},"end":{"line":113,"column":5}},"type":"if","locations":[{"start":{"line":102,"column":4},"end":{"line":113,"column":5}},{"start":{},"end":{}}],"line":102},"10":{"loc":{"start":{"line":104,"column":6},"end":{"line":112,"column":7}},"type":"if","locations":[{"start":{"line":104,"column":6},"end":{"line":112,"column":7}},{"start":{},"end":{}}],"line":104},"11":{"loc":{"start":{"line":118,"column":2},"end":{"line":163,"column":3}},"type":"if","locations":[{"start":{"line":118,"column":2},"end":{"line":163,"column":3}},{"start":{},"end":{}}],"line":118},"12":{"loc":{"start":{"line":118,"column":6},"end":{"line":118,"column":44}},"type":"binary-expr","locations":[{"start":{"line":118,"column":6},"end":{"line":118,"column":10}},{"start":{"line":118,"column":14},"end":{"line":118,"column":44}}],"line":118},"13":{"loc":{"start":{"line":125,"column":4},"end":{"line":158,"column":5}},"type":"if","locations":[{"start":{"line":125,"column":4},"end":{"line":158,"column":5}},{"start":{"line":143,"column":11},"end":{"line":158,"column":5}}],"line":125},"14":{"loc":{"start":{"line":143,"column":11},"end":{"line":158,"column":5}},"type":"if","locations":[{"start":{"line":143,"column":11},"end":{"line":158,"column":5}},{"start":{"line":154,"column":11},"end":{"line":158,"column":5}}],"line":143},"15":{"loc":{"start":{"line":143,"column":15},"end":{"line":143,"column":56}},"type":"binary-expr","locations":[{"start":{"line":143,"column":15},"end":{"line":143,"column":22}},{"start":{"line":143,"column":26},"end":{"line":143,"column":56}}],"line":143},"16":{"loc":{"start":{"line":170,"column":4},"end":{"line":188,"column":5}},"type":"if","locations":[{"start":{"line":170,"column":4},"end":{"line":188,"column":5}},{"start":{},"end":{}}],"line":170},"17":{"loc":{"start":{"line":171,"column":6},"end":{"line":187,"column":7}},"type":"if","locations":[{"start":{"line":171,"column":6},"end":{"line":187,"column":7}},{"start":{"line":174,"column":13},"end":{"line":187,"column":7}}],"line":171}},"s":{"0":1,"1":3,"2":3,"3":1,"4":3,"5":1,"6":1,"7":1,"8":1,"9":1,"10":1,"11":1,"12":2,"13":2,"14":0,"15":2,"16":1,"17":2,"18":2,"19":2,"20":1,"21":2,"22":2,"23":2,"24":2,"25":2,"26":2,"27":2,"28":2,"29":2,"30":8,"31":8,"32":8,"33":2,"34":2,"35":2,"36":1,"37":1,"38":1,"39":1,"40":1,"41":1,"42":1,"43":1,"44":1,"45":1,"46":1,"47":1,"48":1,"49":1,"50":1,"51":1,"52":1,"53":4,"54":1,"55":1,"56":1,"57":1,"58":1,"59":1,"60":1,"61":1,"62":1,"63":1,"64":1,"65":1,"66":1,"67":3,"68":3,"69":3,"70":2,"71":2,"72":2,"73":2,"74":2,"75":1,"76":1,"77":1,"78":1,"79":1,"80":1,"81":1,"82":1,"83":2,"84":2,"85":2,"86":1,"87":1,"88":1,"89":1,"90":1,"91":1,"92":1,"93":1,"94":1,"95":1,"96":0,"97":2,"98":1,"99":2,"100":2,"101":2,"102":2,"103":2,"104":1,"105":1,"106":1,"107":1,"108":1,"109":1,"110":1,"111":1,"112":1},"f":{"0":3,"1":1,"2":2,"3":2,"4":2,"5":1,"6":1,"7":1,"8":1,"9":3,"10":3,"11":2,"12":1,"13":2,"14":2,"15":1},"b":{"0":[1,2],"1":[1,0],"2":[0,2],"3":[2,0],"4":[1,0],"5":[1,1,1],"6":[1,0],"7":[1,1],"8":[1,0],"9":[1,0],"10":[1,0],"11":[2,1],"12":[3,3],"13":[1,1],"14":[1,0],"15":[1,1],"16":[2,0],"17":[1,1]},"_coverageSchema":"1a1c01bbd47fc00a2c39e90264f33305004495a9","hash":"ca563ec4c42ef96d6a0ce15d7d3ce18cf31eaed9"}
}
