TN:
SF:src/app.ts
FN:5,(anonymous_0)
FNF:1
FNH:0
FNDA:0,(anonymous_0)
DA:3,0
DA:4,0
DA:5,0
DA:10,0
DA:11,0
DA:12,0
DA:15,0
DA:17,0
LF:8
LH:0
BRF:0
BRH:0
end_of_record
TN:
SF:src/express.d.ts
FNF:0
FNH:0
LF:0
LH:0
BRF:0
BRH:0
end_of_record
TN:
SF:src/server.ts
FN:16,(anonymous_0)
FN:26,(anonymous_1)
FN:33,(anonymous_2)
FN:51,getSocketIo
FN:54,(anonymous_4)
FN:60,(anonymous_5)
FN:69,(anonymous_6)
FNF:7
FNH:0
FNDA:0,(anonymous_0)
FNDA:0,(anonymous_1)
FNDA:0,(anonymous_2)
FNDA:0,getSocketIo
FNDA:0,(anonymous_4)
FNDA:0,(anonymous_5)
FNDA:0,(anonymous_6)
DA:8,0
DA:9,0
DA:16,0
DA:17,0
DA:19,0
DA:20,0
DA:21,0
DA:24,0
DA:25,0
DA:26,0
DA:27,0
DA:31,0
DA:33,0
DA:34,0
DA:35,0
DA:37,0
DA:39,0
DA:40,0
DA:41,0
DA:43,0
DA:44,0
DA:45,0
DA:47,0
DA:52,0
DA:54,0
DA:55,0
DA:56,0
DA:57,0
DA:58,0
DA:60,0
DA:61,0
DA:62,0
DA:63,0
DA:65,0
DA:66,0
DA:68,0
DA:69,0
DA:70,0
LF:38
LH:0
BRDA:17,0,0,0
BRDA:17,0,1,0
BRDA:19,1,0,0
BRDA:19,1,1,0
BRDA:20,2,0,0
BRDA:20,2,1,0
BRDA:25,3,0,0
BRDA:25,3,1,0
BRDA:27,4,0,0
BRDA:27,4,1,0
BRDA:34,5,0,0
BRDA:34,5,1,0
BRDA:37,6,0,0
BRDA:37,6,1,0
BRDA:37,6,2,0
BRF:15
BRH:0
end_of_record
TN:
SF:src/shared/classes/Game.ts
FN:11,(anonymous_0)
FN:20,(anonymous_1)
FN:23,(anonymous_2)
FN:25,(anonymous_3)
FN:30,(anonymous_4)
FN:33,(anonymous_5)
FN:36,(anonymous_6)
FN:40,(anonymous_7)
FN:41,(anonymous_8)
FN:43,(anonymous_9)
FN:46,(anonymous_10)
FN:49,(anonymous_11)
FN:54,(anonymous_12)
FN:63,(anonymous_13)
FN:66,(anonymous_14)
FN:68,(anonymous_15)
FN:74,(anonymous_16)
FN:79,(anonymous_17)
FN:83,(anonymous_18)
FN:84,(anonymous_19)
FN:90,(anonymous_20)
FN:98,(anonymous_21)
FN:99,(anonymous_22)
FNF:23
FNH:23
FNDA:3,(anonymous_0)
FNDA:5,(anonymous_1)
FNDA:4,(anonymous_2)
FNDA:6,(anonymous_3)
FNDA:11,(anonymous_4)
FNDA:11,(anonymous_5)
FNDA:2,(anonymous_6)
FNDA:26,(anonymous_7)
FNDA:35,(anonymous_8)
FNDA:12,(anonymous_9)
FNDA:4,(anonymous_10)
FNDA:5,(anonymous_11)
FNDA:11,(anonymous_12)
FNDA:24,(anonymous_13)
FNDA:2,(anonymous_14)
FNDA:3,(anonymous_15)
FNDA:1,(anonymous_16)
FNDA:8,(anonymous_17)
FNDA:4,(anonymous_18)
FNDA:2,(anonymous_19)
FNDA:6,(anonymous_20)
FNDA:4,(anonymous_21)
FNDA:6,(anonymous_22)
DA:12,3
DA:13,3
DA:14,3
DA:15,3
DA:16,3
DA:17,3
DA:21,5
DA:24,4
DA:25,4
DA:26,6
DA:31,11
DA:34,11
DA:37,2
DA:41,35
DA:44,12
DA:47,4
DA:50,5
DA:51,1
DA:53,4
DA:54,11
DA:56,4
DA:57,3
DA:58,3
DA:60,4
DA:64,24
DA:67,2
DA:68,2
DA:69,3
DA:70,1
DA:73,2
DA:74,1
DA:76,1
DA:80,8
DA:84,4
DA:85,2
DA:86,2
DA:87,2
DA:89,4
DA:90,4
DA:91,6
DA:92,4
DA:95,4
DA:99,4
DA:100,6
DA:106,6
DA:108,4
LF:46
LH:46
BRDA:50,0,0,1
BRDA:50,0,1,4
BRDA:56,1,0,3
BRDA:56,1,1,1
BRDA:58,2,0,3
BRDA:58,2,1,0
BRDA:69,3,0,1
BRDA:69,3,1,2
BRDA:73,4,0,1
BRDA:73,4,1,1
BRDA:91,5,0,4
BRDA:91,5,1,2
BRF:12
BRH:11
end_of_record
TN:
SF:src/shared/classes/Piece.ts
FN:89,(anonymous_0)
FN:98,(anonymous_1)
FNF:2
FNH:2
FNDA:11,(anonymous_0)
FNDA:15,(anonymous_1)
DA:7,11
DA:90,11
DA:91,11
DA:92,11
DA:93,11
DA:94,11
DA:95,11
DA:99,15
LF:8
LH:8
BRF:0
BRH:0
end_of_record
TN:
SF:src/shared/classes/Player.ts
FN:10,(anonymous_0)
FN:19,(anonymous_1)
FN:23,(anonymous_2)
FN:27,(anonymous_3)
FN:30,(anonymous_4)
FN:34,(anonymous_5)
FN:37,(anonymous_6)
FN:41,(anonymous_7)
FN:44,(anonymous_8)
FN:63,(anonymous_9)
FN:66,(anonymous_10)
FNF:11
FNH:11
FNDA:8,(anonymous_0)
FNDA:93,(anonymous_1)
FNDA:13,(anonymous_2)
FNDA:10,(anonymous_3)
FNDA:4,(anonymous_4)
FNDA:14,(anonymous_5)
FNDA:9,(anonymous_6)
FNDA:12,(anonymous_7)
FNDA:9,(anonymous_8)
FNDA:8,(anonymous_9)
FNDA:6,(anonymous_10)
DA:11,8
DA:12,8
DA:13,8
DA:14,8
DA:15,8
DA:16,8
DA:20,93
DA:24,13
DA:28,10
DA:31,4
DA:35,14
DA:38,9
DA:42,12
DA:45,9
DA:47,1
DA:48,1
DA:50,2
DA:51,2
DA:53,1
DA:54,1
DA:56,1
DA:57,1
DA:59,4
DA:64,8
DA:67,6
LF:25
LH:25
BRDA:45,0,0,1
BRDA:45,0,1,2
BRDA:45,0,2,1
BRDA:45,0,3,1
BRDA:45,0,4,4
BRF:5
BRH:5
end_of_record
TN:
SF:src/shared/socket/Room.d.ts
FNF:0
FNH:0
LF:0
LH:0
BRF:0
BRH:0
end_of_record
TN:
SF:src/shared/socket/Tetraminos.d.ts
FNF:0
FNH:0
LF:0
LH:0
BRF:0
BRH:0
end_of_record
TN:
SF:src/shared/socket/socket.d.ts
FNF:0
FNH:0
LF:0
LH:0
BRF:0
BRH:0
end_of_record
TN:
SF:src/shared/socket/socket.ts
FN:8,(anonymous_0)
FN:9,(anonymous_1)
FN:10,(anonymous_2)
FN:11,(anonymous_3)
FN:12,(anonymous_4)
FN:13,(anonymous_5)
FN:14,(anonymous_6)
FNF:7
FNH:0
FNDA:0,(anonymous_0)
FNDA:0,(anonymous_1)
FNDA:0,(anonymous_2)
FNDA:0,(anonymous_3)
FNDA:0,(anonymous_4)
FNDA:0,(anonymous_5)
FNDA:0,(anonymous_6)
DA:6,0
DA:8,0
DA:9,0
DA:10,0
DA:11,0
DA:12,0
DA:13,0
DA:14,0
LF:8
LH:0
BRF:0
BRH:0
end_of_record
TN:
SF:src/shared/socket/socketActions.ts
FN:7,(anonymous_0)
FN:9,(anonymous_1)
FN:24,(anonymous_2)
FN:43,(anonymous_3)
FN:46,(anonymous_4)
FN:61,(anonymous_5)
FN:62,(anonymous_6)
FN:97,(anonymous_7)
FN:98,(anonymous_8)
FN:116,(anonymous_9)
FN:117,(anonymous_10)
FN:138,(anonymous_11)
FN:148,(anonymous_12)
FN:166,(anonymous_13)
FN:168,(anonymous_14)
FN:183,(anonymous_15)
FNF:16
FNH:16
FNDA:3,(anonymous_0)
FNDA:1,(anonymous_1)
FNDA:2,(anonymous_2)
FNDA:2,(anonymous_3)
FNDA:2,(anonymous_4)
FNDA:1,(anonymous_5)
FNDA:1,(anonymous_6)
FNDA:1,(anonymous_7)
FNDA:1,(anonymous_8)
FNDA:3,(anonymous_9)
FNDA:3,(anonymous_10)
FNDA:2,(anonymous_11)
FNDA:1,(anonymous_12)
FNDA:2,(anonymous_13)
FNDA:2,(anonymous_14)
FNDA:1,(anonymous_15)
DA:7,1
DA:8,3
DA:9,3
DA:10,3
DA:11,1
DA:16,1
DA:20,1
DA:21,1
DA:22,1
DA:23,1
DA:24,1
DA:25,2
DA:26,2
DA:27,0
DA:29,2
DA:33,1
DA:35,2
DA:38,2
DA:39,2
DA:43,1
DA:44,2
DA:45,2
DA:46,2
DA:47,2
DA:48,2
DA:49,2
DA:50,2
DA:51,8
DA:52,8
DA:53,8
DA:55,2
DA:56,2
DA:57,2
DA:61,1
DA:62,1
DA:63,1
DA:64,1
DA:69,1
DA:70,1
DA:71,1
DA:73,1
DA:74,1
DA:75,1
DA:76,1
DA:78,1
DA:79,1
DA:83,1
DA:84,1
DA:85,4
DA:89,1
DA:92,1
DA:93,1
DA:97,1
DA:98,1
DA:99,1
DA:102,1
DA:103,1
DA:104,1
DA:105,1
DA:111,1
DA:116,1
DA:117,3
DA:118,3
DA:119,2
DA:120,2
DA:121,2
DA:124,2
DA:125,2
DA:126,1
DA:127,1
DA:131,1
DA:134,1
DA:135,1
DA:136,1
DA:137,1
DA:138,1
DA:139,2
DA:140,2
DA:141,2
DA:143,1
DA:144,1
DA:145,1
DA:146,1
DA:147,1
DA:148,1
DA:149,1
DA:150,1
DA:151,1
DA:153,1
DA:155,0
DA:159,2
DA:166,1
DA:167,2
DA:168,2
DA:169,2
DA:170,2
DA:171,2
DA:172,1
DA:173,1
DA:175,1
DA:180,1
DA:181,1
DA:182,1
DA:183,1
DA:184,1
DA:185,1
LF:106
LH:104
BRDA:10,0,0,1
BRDA:10,0,1,2
BRDA:23,1,0,1
BRDA:23,1,1,0
BRDA:26,2,0,0
BRDA:26,2,1,2
BRDA:47,3,0,2
BRDA:47,3,1,0
BRDA:64,4,0,1
BRDA:64,4,1,0
BRDA:65,5,0,1
BRDA:65,5,1,1
BRDA:65,5,2,1
BRDA:73,6,0,1
BRDA:73,6,1,0
BRDA:73,7,0,1
BRDA:73,7,1,1
BRDA:75,8,0,1
BRDA:75,8,1,0
BRDA:102,9,0,1
BRDA:102,9,1,0
BRDA:104,10,0,1
BRDA:104,10,1,0
BRDA:118,11,0,2
BRDA:118,11,1,1
BRDA:118,12,0,3
BRDA:118,12,1,3
BRDA:125,13,0,1
BRDA:125,13,1,1
BRDA:143,14,0,1
BRDA:143,14,1,0
BRDA:143,15,0,1
BRDA:143,15,1,1
BRDA:170,16,0,2
BRDA:170,16,1,0
BRDA:171,17,0,1
BRDA:171,17,1,1
BRF:37
BRH:27
end_of_record
