{"/home/alphabril/Documents/red-tetris/app/src/App.tsx": {"path":"/home/alphabril/Documents/red-tetris/app/src/App.tsx","statementMap":{"0":{"start":{"line":14,"column":28},"end":{"line":14,"column":34}},"1":{"start":{"line":16,"column":22},"end":{"line":46,"column":1}},"2":{"start":{"line":17,"column":25},"end":{"line":17,"column":36}},"3":{"start":{"line":18,"column":29},"end":{"line":18,"column":47}},"4":{"start":{"line":19,"column":24},"end":{"line":19,"column":39}},"5":{"start":{"line":20,"column":28},"end":{"line":20,"column":42}},"6":{"start":{"line":22,"column":2},"end":{"line":26,"column":19}},"7":{"start":{"line":23,"column":4},"end":{"line":25,"column":5}},"8":{"start":{"line":24,"column":6},"end":{"line":24,"column":37}},"9":{"start":{"line":28,"column":2},"end":{"line":30,"column":9}},"10":{"start":{"line":29,"column":4},"end":{"line":29,"column":27}},"11":{"start":{"line":32,"column":2},"end":{"line":45,"column":4}}},"fnMap":{"0":{"name":"(anonymous_0)","decl":{"start":{"line":16,"column":22},"end":{"line":16,"column":23}},"loc":{"start":{"line":16,"column":28},"end":{"line":46,"column":1}},"line":16},"1":{"name":"(anonymous_1)","decl":{"start":{"line":22,"column":12},"end":{"line":22,"column":13}},"loc":{"start":{"line":22,"column":18},"end":{"line":26,"column":3}},"line":22},"2":{"name":"(anonymous_2)","decl":{"start":{"line":28,"column":12},"end":{"line":28,"column":13}},"loc":{"start":{"line":28,"column":18},"end":{"line":30,"column":3}},"line":28}},"branchMap":{"0":{"loc":{"start":{"line":23,"column":4},"end":{"line":25,"column":5}},"type":"if","locations":[{"start":{"line":23,"column":4},"end":{"line":25,"column":5}},{"start":{},"end":{}}],"line":23},"1":{"loc":{"start":{"line":23,"column":8},"end":{"line":23,"column":20}},"type":"binary-expr","locations":[{"start":{"line":23,"column":8},"end":{"line":23,"column":12}},{"start":{"line":23,"column":16},"end":{"line":23,"column":20}}],"line":23}},"s":{"0":1,"1":1,"2":1,"3":1,"4":1,"5":1,"6":1,"7":1,"8":0,"9":1,"10":1,"11":1},"f":{"0":1,"1":1,"2":1},"b":{"0":[0,1],"1":[1,0]},"_coverageSchema":"1a1c01bbd47fc00a2c39e90264f33305004495a9","hash":"f8c397b23cd84da4dbb8d418740b11fe64a3ddd8"}
,"/home/alphabril/Documents/red-tetris/app/src/Home/Home.tsx": {"path":"/home/alphabril/Documents/red-tetris/app/src/Home/Home.tsx","statementMap":{"0":{"start":{"line":14,"column":23},"end":{"line":225,"column":1}},"1":{"start":{"line":25,"column":6},"end":{"line":25,"column":24}},"2":{"start":{"line":26,"column":58},"end":{"line":26,"column":69}},"3":{"start":{"line":28,"column":21},"end":{"line":45,"column":3}},"4":{"start":{"line":29,"column":16},"end":{"line":29,"column":21}},"5":{"start":{"line":30,"column":4},"end":{"line":43,"column":7}},"6":{"start":{"line":31,"column":6},"end":{"line":42,"column":9}},"7":{"start":{"line":32,"column":8},"end":{"line":41,"column":9}},"8":{"start":{"line":40,"column":10},"end":{"line":40,"column":23}},"9":{"start":{"line":44,"column":4},"end":{"line":44,"column":17}},"10":{"start":{"line":46,"column":23},"end":{"line":53,"column":3}},"11":{"start":{"line":47,"column":21},"end":{"line":47,"column":33}},"12":{"start":{"line":48,"column":4},"end":{"line":50,"column":5}},"13":{"start":{"line":49,"column":6},"end":{"line":49,"column":34}},"14":{"start":{"line":51,"column":4},"end":{"line":51,"column":32}},"15":{"start":{"line":52,"column":4},"end":{"line":52,"column":20}},"16":{"start":{"line":54,"column":21},"end":{"line":80,"column":3}},"17":{"start":{"line":55,"column":19},"end":{"line":55,"column":44}},"18":{"start":{"line":56,"column":4},"end":{"line":79,"column":7}},"19":{"start":{"line":57,"column":6},"end":{"line":78,"column":9}},"20":{"start":{"line":58,"column":8},"end":{"line":67,"column":9}},"21":{"start":{"line":65,"column":10},"end":{"line":65,"column":73}},"22":{"start":{"line":66,"column":10},"end":{"line":66,"column":63}},"23":{"start":{"line":68,"column":8},"end":{"line":77,"column":9}},"24":{"start":{"line":75,"column":10},"end":{"line":75,"column":71}},"25":{"start":{"line":76,"column":10},"end":{"line":76,"column":61}},"26":{"start":{"line":81,"column":15},"end":{"line":94,"column":20}},"27":{"start":{"line":82,"column":27},"end":{"line":82,"column":41}},"28":{"start":{"line":83,"column":4},"end":{"line":89,"column":5}},"29":{"start":{"line":84,"column":6},"end":{"line":88,"column":7}},"30":{"start":{"line":84,"column":19},"end":{"line":84,"column":20}},"31":{"start":{"line":85,"column":8},"end":{"line":87,"column":9}},"32":{"start":{"line":85,"column":21},"end":{"line":85,"column":22}},"33":{"start":{"line":86,"column":10},"end":{"line":86,"column":42}},"34":{"start":{"line":90,"column":4},"end":{"line":92,"column":5}},"35":{"start":{"line":91,"column":6},"end":{"line":91,"column":30}},"36":{"start":{"line":93,"column":4},"end":{"line":93,"column":16}},"37":{"start":{"line":95,"column":20},"end":{"line":110,"column":3}},"38":{"start":{"line":96,"column":4},"end":{"line":109,"column":5}},"39":{"start":{"line":98,"column":8},"end":{"line":98,"column":29}},"40":{"start":{"line":99,"column":8},"end":{"line":99,"column":14}},"41":{"start":{"line":101,"column":8},"end":{"line":101,"column":30}},"42":{"start":{"line":102,"column":8},"end":{"line":102,"column":14}},"43":{"start":{"line":104,"column":8},"end":{"line":104,"column":30}},"44":{"start":{"line":105,"column":8},"end":{"line":105,"column":14}},"45":{"start":{"line":107,"column":8},"end":{"line":107,"column":31}},"46":{"start":{"line":108,"column":8},"end":{"line":108,"column":14}},"47":{"start":{"line":111,"column":25},"end":{"line":140,"column":3}},"48":{"start":{"line":112,"column":16},"end":{"line":112,"column":17}},"49":{"start":{"line":113,"column":4},"end":{"line":138,"column":7}},"50":{"start":{"line":114,"column":19},"end":{"line":114,"column":20}},"51":{"start":{"line":115,"column":6},"end":{"line":119,"column":9}},"52":{"start":{"line":116,"column":8},"end":{"line":118,"column":9}},"53":{"start":{"line":117,"column":10},"end":{"line":117,"column":19}},"54":{"start":{"line":120,"column":6},"end":{"line":137,"column":7}},"55":{"start":{"line":122,"column":27},"end":{"line":122,"column":74}},"56":{"start":{"line":126,"column":24},"end":{"line":126,"column":26}},"57":{"start":{"line":127,"column":8},"end":{"line":133,"column":9}},"58":{"start":{"line":127,"column":21},"end":{"line":127,"column":22}},"59":{"start":{"line":128,"column":10},"end":{"line":132,"column":11}},"60":{"start":{"line":129,"column":12},"end":{"line":129,"column":54}},"61":{"start":{"line":131,"column":12},"end":{"line":131,"column":59}},"62":{"start":{"line":134,"column":8},"end":{"line":134,"column":16}},"63":{"start":{"line":135,"column":8},"end":{"line":135,"column":34}},"64":{"start":{"line":136,"column":8},"end":{"line":136,"column":39}},"65":{"start":{"line":139,"column":4},"end":{"line":139,"column":17}},"66":{"start":{"line":141,"column":21},"end":{"line":165,"column":3}},"67":{"start":{"line":142,"column":21},"end":{"line":142,"column":25}},"68":{"start":{"line":143,"column":4},"end":{"line":155,"column":7}},"69":{"start":{"line":144,"column":6},"end":{"line":154,"column":9}},"70":{"start":{"line":145,"column":8},"end":{"line":153,"column":9}},"71":{"start":{"line":152,"column":10},"end":{"line":152,"column":65}},"72":{"start":{"line":156,"column":18},"end":{"line":156,"column":42}},"73":{"start":{"line":157,"column":4},"end":{"line":157,"column":21}},"74":{"start":{"line":158,"column":4},"end":{"line":158,"column":43}},"75":{"start":{"line":158,"column":19},"end":{"line":158,"column":43}},"76":{"start":{"line":159,"column":4},"end":{"line":159,"column":23}},"77":{"start":{"line":160,"column":4},"end":{"line":164,"column":5}},"78":{"start":{"line":160,"column":35},"end":{"line":160,"column":51}},"79":{"start":{"line":161,"column":6},"end":{"line":161,"column":52}},"80":{"start":{"line":163,"column":6},"end":{"line":163,"column":52}},"81":{"start":{"line":166,"column":2},"end":{"line":175,"column":14}},"82":{"start":{"line":167,"column":4},"end":{"line":167,"column":29}},"83":{"start":{"line":168,"column":4},"end":{"line":168,"column":31}},"84":{"start":{"line":169,"column":4},"end":{"line":169,"column":26}},"85":{"start":{"line":170,"column":4},"end":{"line":174,"column":6}},"86":{"start":{"line":171,"column":6},"end":{"line":171,"column":29}},"87":{"start":{"line":172,"column":6},"end":{"line":172,"column":27}},"88":{"start":{"line":173,"column":6},"end":{"line":173,"column":28}},"89":{"start":{"line":176,"column":15},"end":{"line":190,"column":3}},"90":{"start":{"line":177,"column":4},"end":{"line":189,"column":5}},"91":{"start":{"line":178,"column":6},"end":{"line":188,"column":7}},"92":{"start":{"line":179,"column":25},"end":{"line":179,"column":37}},"93":{"start":{"line":180,"column":8},"end":{"line":180,"column":36}},"94":{"start":{"line":181,"column":8},"end":{"line":187,"column":9}},"95":{"start":{"line":182,"column":10},"end":{"line":182,"column":29}},"96":{"start":{"line":183,"column":10},"end":{"line":183,"column":38}},"97":{"start":{"line":184,"column":10},"end":{"line":184,"column":31}},"98":{"start":{"line":186,"column":10},"end":{"line":186,"column":29}},"99":{"start":{"line":191,"column":2},"end":{"line":191,"column":25}},"100":{"start":{"line":192,"column":2},"end":{"line":224,"column":4}}},"fnMap":{"0":{"name":"(anonymous_0)","decl":{"start":{"line":14,"column":23},"end":{"line":14,"column":24}},"loc":{"start":{"line":14,"column":29},"end":{"line":225,"column":1}},"line":14},"1":{"name":"(anonymous_1)","decl":{"start":{"line":28,"column":21},"end":{"line":28,"column":22}},"loc":{"start":{"line":28,"column":60},"end":{"line":45,"column":3}},"line":28},"2":{"name":"(anonymous_2)","decl":{"start":{"line":30,"column":20},"end":{"line":30,"column":21}},"loc":{"start":{"line":30,"column":55},"end":{"line":43,"column":5}},"line":30},"3":{"name":"(anonymous_3)","decl":{"start":{"line":31,"column":14},"end":{"line":31,"column":15}},"loc":{"start":{"line":31,"column":48},"end":{"line":42,"column":7}},"line":31},"4":{"name":"(anonymous_4)","decl":{"start":{"line":46,"column":23},"end":{"line":46,"column":24}},"loc":{"start":{"line":46,"column":62},"end":{"line":53,"column":3}},"line":46},"5":{"name":"(anonymous_5)","decl":{"start":{"line":54,"column":21},"end":{"line":54,"column":22}},"loc":{"start":{"line":54,"column":60},"end":{"line":80,"column":3}},"line":54},"6":{"name":"(anonymous_6)","decl":{"start":{"line":56,"column":20},"end":{"line":56,"column":21}},"loc":{"start":{"line":56,"column":55},"end":{"line":79,"column":5}},"line":56},"7":{"name":"(anonymous_7)","decl":{"start":{"line":57,"column":14},"end":{"line":57,"column":15}},"loc":{"start":{"line":57,"column":48},"end":{"line":78,"column":7}},"line":57},"8":{"name":"(anonymous_8)","decl":{"start":{"line":81,"column":23},"end":{"line":81,"column":24}},"loc":{"start":{"line":81,"column":29},"end":{"line":94,"column":3}},"line":81},"9":{"name":"(anonymous_9)","decl":{"start":{"line":95,"column":20},"end":{"line":95,"column":21}},"loc":{"start":{"line":95,"column":39},"end":{"line":110,"column":3}},"line":95},"10":{"name":"(anonymous_10)","decl":{"start":{"line":111,"column":25},"end":{"line":111,"column":26}},"loc":{"start":{"line":111,"column":49},"end":{"line":140,"column":3}},"line":111},"11":{"name":"(anonymous_11)","decl":{"start":{"line":113,"column":17},"end":{"line":113,"column":18}},"loc":{"start":{"line":113,"column":33},"end":{"line":138,"column":5}},"line":113},"12":{"name":"(anonymous_12)","decl":{"start":{"line":115,"column":18},"end":{"line":115,"column":19}},"loc":{"start":{"line":115,"column":28},"end":{"line":119,"column":7}},"line":115},"13":{"name":"(anonymous_13)","decl":{"start":{"line":122,"column":10},"end":{"line":122,"column":11}},"loc":{"start":{"line":122,"column":27},"end":{"line":122,"column":74}},"line":122},"14":{"name":"(anonymous_14)","decl":{"start":{"line":141,"column":21},"end":{"line":141,"column":22}},"loc":{"start":{"line":141,"column":44},"end":{"line":165,"column":3}},"line":141},"15":{"name":"(anonymous_15)","decl":{"start":{"line":143,"column":20},"end":{"line":143,"column":21}},"loc":{"start":{"line":143,"column":55},"end":{"line":155,"column":5}},"line":143},"16":{"name":"(anonymous_16)","decl":{"start":{"line":144,"column":14},"end":{"line":144,"column":15}},"loc":{"start":{"line":144,"column":48},"end":{"line":154,"column":7}},"line":144},"17":{"name":"(anonymous_17)","decl":{"start":{"line":160,"column":25},"end":{"line":160,"column":26}},"loc":{"start":{"line":160,"column":35},"end":{"line":160,"column":51}},"line":160},"18":{"name":"(anonymous_18)","decl":{"start":{"line":166,"column":12},"end":{"line":166,"column":13}},"loc":{"start":{"line":166,"column":18},"end":{"line":175,"column":3}},"line":166},"19":{"name":"(anonymous_19)","decl":{"start":{"line":170,"column":11},"end":{"line":170,"column":12}},"loc":{"start":{"line":170,"column":17},"end":{"line":174,"column":5}},"line":170},"20":{"name":"(anonymous_20)","decl":{"start":{"line":176,"column":15},"end":{"line":176,"column":16}},"loc":{"start":{"line":176,"column":21},"end":{"line":190,"column":3}},"line":176}},"branchMap":{"0":{"loc":{"start":{"line":32,"column":8},"end":{"line":41,"column":9}},"type":"if","locations":[{"start":{"line":32,"column":8},"end":{"line":41,"column":9}},{"start":{},"end":{}}],"line":32},"1":{"loc":{"start":{"line":33,"column":10},"end":{"line":38,"column":62}},"type":"binary-expr","locations":[{"start":{"line":33,"column":10},"end":{"line":33,"column":20}},{"start":{"line":34,"column":10},"end":{"line":34,"column":32}},{"start":{"line":35,"column":10},"end":{"line":35,"column":14}},{"start":{"line":36,"column":10},"end":{"line":36,"column":62}},{"start":{"line":37,"column":10},"end":{"line":37,"column":62}},{"start":{"line":38,"column":10},"end":{"line":38,"column":62}}],"line":33},"2":{"loc":{"start":{"line":58,"column":8},"end":{"line":67,"column":9}},"type":"if","locations":[{"start":{"line":58,"column":8},"end":{"line":67,"column":9}},{"start":{},"end":{}}],"line":58},"3":{"loc":{"start":{"line":59,"column":10},"end":{"line":63,"column":32}},"type":"binary-expr","locations":[{"start":{"line":59,"column":10},"end":{"line":59,"column":20}},{"start":{"line":60,"column":10},"end":{"line":60,"column":31}},{"start":{"line":61,"column":10},"end":{"line":61,"column":32}},{"start":{"line":62,"column":10},"end":{"line":62,"column":31}},{"start":{"line":63,"column":10},"end":{"line":63,"column":32}}],"line":59},"4":{"loc":{"start":{"line":68,"column":8},"end":{"line":77,"column":9}},"type":"if","locations":[{"start":{"line":68,"column":8},"end":{"line":77,"column":9}},{"start":{},"end":{}}],"line":68},"5":{"loc":{"start":{"line":69,"column":10},"end":{"line":73,"column":31}},"type":"binary-expr","locations":[{"start":{"line":69,"column":10},"end":{"line":69,"column":20}},{"start":{"line":70,"column":10},"end":{"line":70,"column":30}},{"start":{"line":71,"column":10},"end":{"line":71,"column":31}},{"start":{"line":72,"column":10},"end":{"line":72,"column":30}},{"start":{"line":73,"column":10},"end":{"line":73,"column":31}}],"line":69},"6":{"loc":{"start":{"line":83,"column":4},"end":{"line":89,"column":5}},"type":"if","locations":[{"start":{"line":83,"column":4},"end":{"line":89,"column":5}},{"start":{},"end":{}}],"line":83},"7":{"loc":{"start":{"line":90,"column":4},"end":{"line":92,"column":5}},"type":"if","locations":[{"start":{"line":90,"column":4},"end":{"line":92,"column":5}},{"start":{},"end":{}}],"line":90},"8":{"loc":{"start":{"line":96,"column":4},"end":{"line":109,"column":5}},"type":"switch","locations":[{"start":{"line":97,"column":6},"end":{"line":99,"column":14}},{"start":{"line":100,"column":6},"end":{"line":102,"column":14}},{"start":{"line":103,"column":6},"end":{"line":105,"column":14}},{"start":{"line":106,"column":6},"end":{"line":108,"column":14}}],"line":96},"9":{"loc":{"start":{"line":116,"column":8},"end":{"line":118,"column":9}},"type":"if","locations":[{"start":{"line":116,"column":8},"end":{"line":118,"column":9}},{"start":{},"end":{}}],"line":116},"10":{"loc":{"start":{"line":120,"column":6},"end":{"line":137,"column":7}},"type":"if","locations":[{"start":{"line":120,"column":6},"end":{"line":137,"column":7}},{"start":{},"end":{}}],"line":120},"11":{"loc":{"start":{"line":121,"column":8},"end":{"line":124,"column":21}},"type":"binary-expr","locations":[{"start":{"line":121,"column":8},"end":{"line":123,"column":9}},{"start":{"line":124,"column":8},"end":{"line":124,"column":21}}],"line":121},"12":{"loc":{"start":{"line":122,"column":27},"end":{"line":122,"column":74}},"type":"binary-expr","locations":[{"start":{"line":122,"column":27},"end":{"line":122,"column":43}},{"start":{"line":122,"column":47},"end":{"line":122,"column":58}},{"start":{"line":122,"column":62},"end":{"line":122,"column":74}}],"line":122},"13":{"loc":{"start":{"line":128,"column":10},"end":{"line":132,"column":11}},"type":"if","locations":[{"start":{"line":128,"column":10},"end":{"line":132,"column":11}},{"start":{"line":130,"column":17},"end":{"line":132,"column":11}}],"line":128},"14":{"loc":{"start":{"line":128,"column":14},"end":{"line":128,"column":64}},"type":"binary-expr","locations":[{"start":{"line":128,"column":14},"end":{"line":128,"column":25}},{"start":{"line":128,"column":29},"end":{"line":128,"column":36}},{"start":{"line":128,"column":40},"end":{"line":128,"column":52}},{"start":{"line":128,"column":56},"end":{"line":128,"column":64}}],"line":128},"15":{"loc":{"start":{"line":145,"column":8},"end":{"line":153,"column":9}},"type":"if","locations":[{"start":{"line":145,"column":8},"end":{"line":153,"column":9}},{"start":{},"end":{}}],"line":145},"16":{"loc":{"start":{"line":146,"column":10},"end":{"line":150,"column":31}},"type":"binary-expr","locations":[{"start":{"line":146,"column":11},"end":{"line":146,"column":21}},{"start":{"line":146,"column":25},"end":{"line":146,"column":35}},{"start":{"line":147,"column":10},"end":{"line":147,"column":30}},{"start":{"line":148,"column":10},"end":{"line":148,"column":31}},{"start":{"line":149,"column":10},"end":{"line":149,"column":30}},{"start":{"line":150,"column":10},"end":{"line":150,"column":31}}],"line":146},"17":{"loc":{"start":{"line":158,"column":4},"end":{"line":158,"column":43}},"type":"if","locations":[{"start":{"line":158,"column":4},"end":{"line":158,"column":43}},{"start":{},"end":{}}],"line":158},"18":{"loc":{"start":{"line":160,"column":4},"end":{"line":164,"column":5}},"type":"if","locations":[{"start":{"line":160,"column":4},"end":{"line":164,"column":5}},{"start":{"line":162,"column":11},"end":{"line":164,"column":5}}],"line":160},"19":{"loc":{"start":{"line":177,"column":4},"end":{"line":189,"column":5}},"type":"if","locations":[{"start":{"line":177,"column":4},"end":{"line":189,"column":5}},{"start":{},"end":{}}],"line":177},"20":{"loc":{"start":{"line":178,"column":6},"end":{"line":188,"column":7}},"type":"if","locations":[{"start":{"line":178,"column":6},"end":{"line":188,"column":7}},{"start":{},"end":{}}],"line":178},"21":{"loc":{"start":{"line":178,"column":10},"end":{"line":178,"column":36}},"type":"binary-expr","locations":[{"start":{"line":178,"column":10},"end":{"line":178,"column":15}},{"start":{"line":178,"column":19},"end":{"line":178,"column":36}}],"line":178},"22":{"loc":{"start":{"line":181,"column":8},"end":{"line":187,"column":9}},"type":"if","locations":[{"start":{"line":181,"column":8},"end":{"line":187,"column":9}},{"start":{"line":185,"column":15},"end":{"line":187,"column":9}}],"line":181},"23":{"loc":{"start":{"line":216,"column":11},"end":{"line":216,"column":75}},"type":"cond-expr","locations":[{"start":{"line":216,"column":19},"end":{"line":216,"column":68}},{"start":{"line":216,"column":71},"end":{"line":216,"column":75}}],"line":216}},"s":{"0":1,"1":1,"2":1,"3":1,"4":0,"5":0,"6":0,"7":0,"8":0,"9":0,"10":1,"11":0,"12":0,"13":0,"14":0,"15":0,"16":1,"17":0,"18":0,"19":0,"20":0,"21":0,"22":0,"23":0,"24":0,"25":0,"26":1,"27":1,"28":1,"29":0,"30":0,"31":0,"32":0,"33":0,"34":1,"35":0,"36":1,"37":1,"38":0,"39":0,"40":0,"41":0,"42":0,"43":0,"44":0,"45":0,"46":0,"47":1,"48":0,"49":0,"50":0,"51":0,"52":0,"53":0,"54":0,"55":0,"56":0,"57":0,"58":0,"59":0,"60":0,"61":0,"62":0,"63":0,"64":0,"65":0,"66":1,"67":0,"68":0,"69":0,"70":0,"71":0,"72":0,"73":0,"74":0,"75":0,"76":0,"77":0,"78":0,"79":0,"80":0,"81":1,"82":1,"83":1,"84":1,"85":1,"86":1,"87":1,"88":1,"89":1,"90":0,"91":0,"92":0,"93":0,"94":0,"95":0,"96":0,"97":0,"98":0,"99":1,"100":1},"f":{"0":1,"1":0,"2":0,"3":0,"4":0,"5":0,"6":0,"7":0,"8":1,"9":0,"10":0,"11":0,"12":0,"13":0,"14":0,"15":0,"16":0,"17":0,"18":1,"19":1,"20":0},"b":{"0":[0,0],"1":[0,0,0,0,0,0],"2":[0,0],"3":[0,0,0,0,0],"4":[0,0],"5":[0,0,0,0,0],"6":[0,1],"7":[0,1],"8":[0,0,0,0],"9":[0,0],"10":[0,0],"11":[0,0],"12":[0,0,0],"13":[0,0],"14":[0,0,0,0],"15":[0,0],"16":[0,0,0,0,0,0],"17":[0,0],"18":[0,0],"19":[0,0],"20":[0,0],"21":[0,0],"22":[0,0],"23":[0,1]},"_coverageSchema":"1a1c01bbd47fc00a2c39e90264f33305004495a9","hash":"1ca1afb9f23464176fcfc78284920ebf1fbcb263"}
,"/home/alphabril/Documents/red-tetris/app/src/Home/components/Oponents/Oponents.tsx": {"path":"/home/alphabril/Documents/red-tetris/app/src/Home/components/Oponents/Oponents.tsx","statementMap":{"0":{"start":{"line":9,"column":46},"end":{"line":158,"column":1}},"1":{"start":{"line":10,"column":31},"end":{"line":10,"column":49}},"2":{"start":{"line":11,"column":45},"end":{"line":11,"column":56}},"3":{"start":{"line":12,"column":2},"end":{"line":17,"column":9}},"4":{"start":{"line":13,"column":4},"end":{"line":13,"column":29}},"5":{"start":{"line":14,"column":4},"end":{"line":16,"column":6}},"6":{"start":{"line":15,"column":6},"end":{"line":15,"column":29}},"7":{"start":{"line":18,"column":24},"end":{"line":152,"column":38}},"8":{"start":{"line":19,"column":18},"end":{"line":19,"column":33}},"9":{"start":{"line":20,"column":15},"end":{"line":20,"column":24}},"10":{"start":{"line":21,"column":19},"end":{"line":28,"column":5}},"11":{"start":{"line":29,"column":4},"end":{"line":62,"column":5}},"12":{"start":{"line":31,"column":8},"end":{"line":31,"column":33}},"13":{"start":{"line":32,"column":8},"end":{"line":32,"column":35}},"14":{"start":{"line":33,"column":8},"end":{"line":33,"column":34}},"15":{"start":{"line":34,"column":8},"end":{"line":34,"column":34}},"16":{"start":{"line":35,"column":8},"end":{"line":35,"column":37}},"17":{"start":{"line":36,"column":8},"end":{"line":36,"column":35}},"18":{"start":{"line":37,"column":8},"end":{"line":37,"column":14}},"19":{"start":{"line":39,"column":8},"end":{"line":39,"column":33}},"20":{"start":{"line":40,"column":8},"end":{"line":40,"column":34}},"21":{"start":{"line":41,"column":8},"end":{"line":41,"column":34}},"22":{"start":{"line":42,"column":8},"end":{"line":42,"column":33}},"23":{"start":{"line":43,"column":8},"end":{"line":43,"column":37}},"24":{"start":{"line":44,"column":8},"end":{"line":44,"column":35}},"25":{"start":{"line":45,"column":8},"end":{"line":45,"column":14}},"26":{"start":{"line":47,"column":8},"end":{"line":47,"column":33}},"27":{"start":{"line":48,"column":8},"end":{"line":48,"column":34}},"28":{"start":{"line":49,"column":8},"end":{"line":49,"column":35}},"29":{"start":{"line":50,"column":8},"end":{"line":50,"column":34}},"30":{"start":{"line":51,"column":8},"end":{"line":51,"column":37}},"31":{"start":{"line":52,"column":8},"end":{"line":52,"column":36}},"32":{"start":{"line":53,"column":8},"end":{"line":53,"column":14}},"33":{"start":{"line":55,"column":8},"end":{"line":55,"column":32}},"34":{"start":{"line":56,"column":8},"end":{"line":56,"column":34}},"35":{"start":{"line":57,"column":8},"end":{"line":57,"column":34}},"36":{"start":{"line":58,"column":8},"end":{"line":58,"column":34}},"37":{"start":{"line":59,"column":8},"end":{"line":59,"column":37}},"38":{"start":{"line":60,"column":8},"end":{"line":60,"column":36}},"39":{"start":{"line":61,"column":8},"end":{"line":61,"column":14}},"40":{"start":{"line":63,"column":4},"end":{"line":151,"column":5}},"41":{"start":{"line":65,"column":6},"end":{"line":106,"column":7}},"42":{"start":{"line":66,"column":25},"end":{"line":68,"column":9}},"43":{"start":{"line":67,"column":32},"end":{"line":67,"column":49}},"44":{"start":{"line":69,"column":8},"end":{"line":86,"column":11}},"45":{"start":{"line":70,"column":10},"end":{"line":85,"column":11}},"46":{"start":{"line":72,"column":12},"end":{"line":84,"column":14}},"47":{"start":{"line":88,"column":8},"end":{"line":105,"column":11}},"48":{"start":{"line":89,"column":10},"end":{"line":104,"column":11}},"49":{"start":{"line":91,"column":12},"end":{"line":103,"column":14}},"50":{"start":{"line":107,"column":11},"end":{"line":151,"column":5}},"51":{"start":{"line":109,"column":6},"end":{"line":150,"column":7}},"52":{"start":{"line":110,"column":25},"end":{"line":112,"column":9}},"53":{"start":{"line":111,"column":32},"end":{"line":111,"column":49}},"54":{"start":{"line":113,"column":8},"end":{"line":130,"column":11}},"55":{"start":{"line":114,"column":10},"end":{"line":129,"column":11}},"56":{"start":{"line":116,"column":12},"end":{"line":128,"column":14}},"57":{"start":{"line":132,"column":8},"end":{"line":149,"column":11}},"58":{"start":{"line":133,"column":10},"end":{"line":148,"column":11}},"59":{"start":{"line":135,"column":12},"end":{"line":147,"column":14}},"60":{"start":{"line":153,"column":2},"end":{"line":157,"column":4}}},"fnMap":{"0":{"name":"(anonymous_0)","decl":{"start":{"line":9,"column":46},"end":{"line":9,"column":47}},"loc":{"start":{"line":9,"column":57},"end":{"line":158,"column":1}},"line":9},"1":{"name":"(anonymous_1)","decl":{"start":{"line":12,"column":12},"end":{"line":12,"column":13}},"loc":{"start":{"line":12,"column":18},"end":{"line":17,"column":3}},"line":12},"2":{"name":"(anonymous_2)","decl":{"start":{"line":14,"column":11},"end":{"line":14,"column":12}},"loc":{"start":{"line":14,"column":17},"end":{"line":16,"column":5}},"line":14},"3":{"name":"(anonymous_3)","decl":{"start":{"line":18,"column":32},"end":{"line":18,"column":33}},"loc":{"start":{"line":18,"column":38},"end":{"line":152,"column":3}},"line":18},"4":{"name":"(anonymous_4)","decl":{"start":{"line":67,"column":10},"end":{"line":67,"column":11}},"loc":{"start":{"line":67,"column":32},"end":{"line":67,"column":49}},"line":67},"5":{"name":"(anonymous_5)","decl":{"start":{"line":69,"column":28},"end":{"line":69,"column":29}},"loc":{"start":{"line":69,"column":47},"end":{"line":86,"column":9}},"line":69},"6":{"name":"(anonymous_6)","decl":{"start":{"line":88,"column":37},"end":{"line":88,"column":38}},"loc":{"start":{"line":88,"column":51},"end":{"line":105,"column":9}},"line":88},"7":{"name":"(anonymous_7)","decl":{"start":{"line":111,"column":10},"end":{"line":111,"column":11}},"loc":{"start":{"line":111,"column":32},"end":{"line":111,"column":49}},"line":111},"8":{"name":"(anonymous_8)","decl":{"start":{"line":113,"column":28},"end":{"line":113,"column":29}},"loc":{"start":{"line":113,"column":47},"end":{"line":130,"column":9}},"line":113},"9":{"name":"(anonymous_9)","decl":{"start":{"line":132,"column":37},"end":{"line":132,"column":38}},"loc":{"start":{"line":132,"column":51},"end":{"line":149,"column":9}},"line":132}},"branchMap":{"0":{"loc":{"start":{"line":29,"column":4},"end":{"line":62,"column":5}},"type":"switch","locations":[{"start":{"line":30,"column":6},"end":{"line":37,"column":14}},{"start":{"line":38,"column":6},"end":{"line":45,"column":14}},{"start":{"line":46,"column":6},"end":{"line":53,"column":14}},{"start":{"line":54,"column":6},"end":{"line":61,"column":14}}],"line":29},"1":{"loc":{"start":{"line":63,"column":4},"end":{"line":151,"column":5}},"type":"if","locations":[{"start":{"line":63,"column":4},"end":{"line":151,"column":5}},{"start":{"line":107,"column":11},"end":{"line":151,"column":5}}],"line":63},"2":{"loc":{"start":{"line":65,"column":6},"end":{"line":106,"column":7}},"type":"if","locations":[{"start":{"line":65,"column":6},"end":{"line":106,"column":7}},{"start":{"line":87,"column":13},"end":{"line":106,"column":7}}],"line":65},"3":{"loc":{"start":{"line":70,"column":10},"end":{"line":85,"column":11}},"type":"if","locations":[{"start":{"line":70,"column":10},"end":{"line":85,"column":11}},{"start":{},"end":{}}],"line":70},"4":{"loc":{"start":{"line":74,"column":22},"end":{"line":74,"column":68}},"type":"cond-expr","locations":[{"start":{"line":74,"column":38},"end":{"line":74,"column":51}},{"start":{"line":74,"column":54},"end":{"line":74,"column":68}}],"line":74},"5":{"loc":{"start":{"line":89,"column":10},"end":{"line":104,"column":11}},"type":"if","locations":[{"start":{"line":89,"column":10},"end":{"line":104,"column":11}},{"start":{},"end":{}}],"line":89},"6":{"loc":{"start":{"line":107,"column":11},"end":{"line":151,"column":5}},"type":"if","locations":[{"start":{"line":107,"column":11},"end":{"line":151,"column":5}},{"start":{},"end":{}}],"line":107},"7":{"loc":{"start":{"line":109,"column":6},"end":{"line":150,"column":7}},"type":"if","locations":[{"start":{"line":109,"column":6},"end":{"line":150,"column":7}},{"start":{"line":131,"column":13},"end":{"line":150,"column":7}}],"line":109},"8":{"loc":{"start":{"line":114,"column":10},"end":{"line":129,"column":11}},"type":"if","locations":[{"start":{"line":114,"column":10},"end":{"line":129,"column":11}},{"start":{},"end":{}}],"line":114},"9":{"loc":{"start":{"line":118,"column":22},"end":{"line":118,"column":68}},"type":"cond-expr","locations":[{"start":{"line":118,"column":38},"end":{"line":118,"column":51}},{"start":{"line":118,"column":54},"end":{"line":118,"column":68}}],"line":118},"10":{"loc":{"start":{"line":133,"column":10},"end":{"line":148,"column":11}},"type":"if","locations":[{"start":{"line":133,"column":10},"end":{"line":148,"column":11}},{"start":{},"end":{}}],"line":133}},"s":{"0":1,"1":2,"2":2,"3":2,"4":2,"5":2,"6":2,"7":2,"8":2,"9":2,"10":2,"11":2,"12":2,"13":2,"14":2,"15":2,"16":2,"17":2,"18":2,"19":0,"20":0,"21":0,"22":0,"23":0,"24":0,"25":0,"26":0,"27":0,"28":0,"29":0,"30":0,"31":0,"32":0,"33":0,"34":0,"35":0,"36":0,"37":0,"38":0,"39":0,"40":2,"41":1,"42":0,"43":0,"44":0,"45":0,"46":0,"47":1,"48":0,"49":0,"50":1,"51":1,"52":0,"53":0,"54":0,"55":0,"56":0,"57":1,"58":0,"59":0,"60":2},"f":{"0":2,"1":2,"2":2,"3":2,"4":0,"5":0,"6":0,"7":0,"8":0,"9":0},"b":{"0":[2,0,0,0],"1":[1,1],"2":[0,1],"3":[0,0],"4":[0,0],"5":[0,0],"6":[1,0],"7":[0,1],"8":[0,0],"9":[0,0],"10":[0,0]},"_coverageSchema":"1a1c01bbd47fc00a2c39e90264f33305004495a9","hash":"c3b727784e55dd9a3474a2c3008def8891cc8656"}
,"/home/alphabril/Documents/red-tetris/app/src/store/configure.ts": {"path":"/home/alphabril/Documents/red-tetris/app/src/store/configure.ts","statementMap":{"0":{"start":{"line":4,"column":21},"end":{"line":8,"column":2}}},"fnMap":{},"branchMap":{},"s":{"0":1},"f":{},"b":{},"_coverageSchema":"1a1c01bbd47fc00a2c39e90264f33305004495a9","hash":"b2b1f02f82dca8f5609d70537867971337c972b1"}
,"/home/alphabril/Documents/red-tetris/app/src/utils/utils.ts": {"path":"/home/alphabril/Documents/red-tetris/app/src/utils/utils.ts","statementMap":{"0":{"start":{"line":3,"column":30},"end":{"line":17,"column":1}},"1":{"start":{"line":4,"column":21},"end":{"line":4,"column":22}},"2":{"start":{"line":5,"column":2},"end":{"line":15,"column":5}},"3":{"start":{"line":6,"column":20},"end":{"line":6,"column":21}},"4":{"start":{"line":7,"column":4},"end":{"line":11,"column":7}},"5":{"start":{"line":8,"column":6},"end":{"line":10,"column":7}},"6":{"start":{"line":9,"column":8},"end":{"line":9,"column":27}},"7":{"start":{"line":12,"column":4},"end":{"line":14,"column":5}},"8":{"start":{"line":13,"column":6},"end":{"line":13,"column":31}},"9":{"start":{"line":16,"column":2},"end":{"line":16,"column":22}},"10":{"start":{"line":19,"column":31},"end":{"line":33,"column":1}},"11":{"start":{"line":20,"column":21},"end":{"line":20,"column":22}},"12":{"start":{"line":21,"column":2},"end":{"line":31,"column":5}},"13":{"start":{"line":22,"column":20},"end":{"line":22,"column":21}},"14":{"start":{"line":23,"column":4},"end":{"line":27,"column":7}},"15":{"start":{"line":24,"column":6},"end":{"line":26,"column":7}},"16":{"start":{"line":25,"column":8},"end":{"line":25,"column":31}},"17":{"start":{"line":28,"column":4},"end":{"line":30,"column":5}},"18":{"start":{"line":29,"column":6},"end":{"line":29,"column":31}},"19":{"start":{"line":32,"column":2},"end":{"line":32,"column":22}},"20":{"start":{"line":35,"column":32},"end":{"line":49,"column":1}},"21":{"start":{"line":36,"column":21},"end":{"line":36,"column":22}},"22":{"start":{"line":37,"column":2},"end":{"line":47,"column":5}},"23":{"start":{"line":38,"column":20},"end":{"line":38,"column":21}},"24":{"start":{"line":39,"column":4},"end":{"line":43,"column":7}},"25":{"start":{"line":40,"column":6},"end":{"line":42,"column":7}},"26":{"start":{"line":41,"column":8},"end":{"line":41,"column":27}},"27":{"start":{"line":44,"column":4},"end":{"line":46,"column":5}},"28":{"start":{"line":45,"column":6},"end":{"line":45,"column":31}},"29":{"start":{"line":48,"column":2},"end":{"line":48,"column":22}},"30":{"start":{"line":51,"column":26},"end":{"line":57,"column":1}},"31":{"start":{"line":52,"column":17},"end":{"line":52,"column":19}},"32":{"start":{"line":53,"column":2},"end":{"line":55,"column":3}},"33":{"start":{"line":53,"column":15},"end":{"line":53,"column":16}},"34":{"start":{"line":54,"column":4},"end":{"line":54,"column":32}},"35":{"start":{"line":56,"column":2},"end":{"line":56,"column":16}},"36":{"start":{"line":59,"column":31},"end":{"line":73,"column":1}},"37":{"start":{"line":60,"column":12},"end":{"line":60,"column":28}},"38":{"start":{"line":61,"column":12},"end":{"line":61,"column":20}},"39":{"start":{"line":63,"column":2},"end":{"line":71,"column":3}},"40":{"start":{"line":63,"column":15},"end":{"line":63,"column":16}},"41":{"start":{"line":64,"column":4},"end":{"line":70,"column":5}},"42":{"start":{"line":64,"column":17},"end":{"line":64,"column":18}},"43":{"start":{"line":65,"column":18},"end":{"line":65,"column":25}},"44":{"start":{"line":66,"column":6},"end":{"line":66,"column":32}},"45":{"start":{"line":67,"column":6},"end":{"line":67,"column":48}},"46":{"start":{"line":68,"column":6},"end":{"line":68,"column":48}},"47":{"start":{"line":69,"column":6},"end":{"line":69,"column":28}},"48":{"start":{"line":72,"column":2},"end":{"line":72,"column":11}},"49":{"start":{"line":75,"column":38},"end":{"line":88,"column":1}},"50":{"start":{"line":76,"column":12},"end":{"line":76,"column":28}},"51":{"start":{"line":77,"column":12},"end":{"line":77,"column":20}},"52":{"start":{"line":78,"column":2},"end":{"line":86,"column":3}},"53":{"start":{"line":78,"column":15},"end":{"line":78,"column":16}},"54":{"start":{"line":79,"column":4},"end":{"line":85,"column":5}},"55":{"start":{"line":79,"column":17},"end":{"line":79,"column":18}},"56":{"start":{"line":80,"column":18},"end":{"line":80,"column":25}},"57":{"start":{"line":81,"column":6},"end":{"line":81,"column":32}},"58":{"start":{"line":82,"column":6},"end":{"line":82,"column":48}},"59":{"start":{"line":83,"column":6},"end":{"line":83,"column":48}},"60":{"start":{"line":84,"column":6},"end":{"line":84,"column":28}},"61":{"start":{"line":87,"column":2},"end":{"line":87,"column":11}},"62":{"start":{"line":90,"column":28},"end":{"line":104,"column":1}},"63":{"start":{"line":91,"column":25},"end":{"line":91,"column":27}},"64":{"start":{"line":92,"column":2},"end":{"line":102,"column":3}},"65":{"start":{"line":92,"column":15},"end":{"line":92,"column":16}},"66":{"start":{"line":93,"column":19},"end":{"line":93,"column":21}},"67":{"start":{"line":94,"column":4},"end":{"line":100,"column":5}},"68":{"start":{"line":94,"column":17},"end":{"line":94,"column":18}},"69":{"start":{"line":95,"column":6},"end":{"line":99,"column":7}},"70":{"start":{"line":96,"column":8},"end":{"line":96,"column":49}},"71":{"start":{"line":98,"column":8},"end":{"line":98,"column":54}},"72":{"start":{"line":101,"column":4},"end":{"line":101,"column":22}},"73":{"start":{"line":103,"column":2},"end":{"line":103,"column":14}}},"fnMap":{"0":{"name":"(anonymous_0)","decl":{"start":{"line":3,"column":30},"end":{"line":3,"column":31}},"loc":{"start":{"line":3,"column":54},"end":{"line":17,"column":1}},"line":3},"1":{"name":"(anonymous_1)","decl":{"start":{"line":5,"column":13},"end":{"line":5,"column":14}},"loc":{"start":{"line":5,"column":32},"end":{"line":15,"column":3}},"line":5},"2":{"name":"(anonymous_2)","decl":{"start":{"line":7,"column":12},"end":{"line":7,"column":13}},"loc":{"start":{"line":7,"column":46},"end":{"line":11,"column":5}},"line":7},"3":{"name":"(anonymous_3)","decl":{"start":{"line":19,"column":31},"end":{"line":19,"column":32}},"loc":{"start":{"line":19,"column":55},"end":{"line":33,"column":1}},"line":19},"4":{"name":"(anonymous_4)","decl":{"start":{"line":21,"column":13},"end":{"line":21,"column":14}},"loc":{"start":{"line":21,"column":32},"end":{"line":31,"column":3}},"line":21},"5":{"name":"(anonymous_5)","decl":{"start":{"line":23,"column":12},"end":{"line":23,"column":13}},"loc":{"start":{"line":23,"column":46},"end":{"line":27,"column":5}},"line":23},"6":{"name":"(anonymous_6)","decl":{"start":{"line":35,"column":32},"end":{"line":35,"column":33}},"loc":{"start":{"line":35,"column":56},"end":{"line":49,"column":1}},"line":35},"7":{"name":"(anonymous_7)","decl":{"start":{"line":37,"column":13},"end":{"line":37,"column":14}},"loc":{"start":{"line":37,"column":48},"end":{"line":47,"column":3}},"line":37},"8":{"name":"(anonymous_8)","decl":{"start":{"line":39,"column":12},"end":{"line":39,"column":13}},"loc":{"start":{"line":39,"column":30},"end":{"line":43,"column":5}},"line":39},"9":{"name":"(anonymous_9)","decl":{"start":{"line":51,"column":26},"end":{"line":51,"column":27}},"loc":{"start":{"line":51,"column":50},"end":{"line":57,"column":1}},"line":51},"10":{"name":"(anonymous_10)","decl":{"start":{"line":59,"column":31},"end":{"line":59,"column":32}},"loc":{"start":{"line":59,"column":53},"end":{"line":73,"column":1}},"line":59},"11":{"name":"(anonymous_11)","decl":{"start":{"line":75,"column":38},"end":{"line":75,"column":39}},"loc":{"start":{"line":75,"column":60},"end":{"line":88,"column":1}},"line":75},"12":{"name":"(anonymous_12)","decl":{"start":{"line":90,"column":28},"end":{"line":90,"column":29}},"loc":{"start":{"line":90,"column":34},"end":{"line":104,"column":1}},"line":90}},"branchMap":{"0":{"loc":{"start":{"line":8,"column":6},"end":{"line":10,"column":7}},"type":"if","locations":[{"start":{"line":8,"column":6},"end":{"line":10,"column":7}},{"start":{},"end":{}}],"line":8},"1":{"loc":{"start":{"line":8,"column":10},"end":{"line":8,"column":42}},"type":"binary-expr","locations":[{"start":{"line":8,"column":10},"end":{"line":8,"column":20}},{"start":{"line":8,"column":24},"end":{"line":8,"column":42}}],"line":8},"2":{"loc":{"start":{"line":12,"column":4},"end":{"line":14,"column":5}},"type":"if","locations":[{"start":{"line":12,"column":4},"end":{"line":14,"column":5}},{"start":{},"end":{}}],"line":12},"3":{"loc":{"start":{"line":24,"column":6},"end":{"line":26,"column":7}},"type":"if","locations":[{"start":{"line":24,"column":6},"end":{"line":26,"column":7}},{"start":{},"end":{}}],"line":24},"4":{"loc":{"start":{"line":24,"column":10},"end":{"line":24,"column":46}},"type":"binary-expr","locations":[{"start":{"line":24,"column":10},"end":{"line":24,"column":20}},{"start":{"line":24,"column":24},"end":{"line":24,"column":46}}],"line":24},"5":{"loc":{"start":{"line":28,"column":4},"end":{"line":30,"column":5}},"type":"if","locations":[{"start":{"line":28,"column":4},"end":{"line":30,"column":5}},{"start":{},"end":{}}],"line":28},"6":{"loc":{"start":{"line":40,"column":6},"end":{"line":42,"column":7}},"type":"if","locations":[{"start":{"line":40,"column":6},"end":{"line":42,"column":7}},{"start":{},"end":{}}],"line":40},"7":{"loc":{"start":{"line":40,"column":10},"end":{"line":40,"column":42}},"type":"binary-expr","locations":[{"start":{"line":40,"column":10},"end":{"line":40,"column":20}},{"start":{"line":40,"column":24},"end":{"line":40,"column":42}}],"line":40},"8":{"loc":{"start":{"line":44,"column":4},"end":{"line":46,"column":5}},"type":"if","locations":[{"start":{"line":44,"column":4},"end":{"line":46,"column":5}},{"start":{},"end":{}}],"line":44},"9":{"loc":{"start":{"line":95,"column":6},"end":{"line":99,"column":7}},"type":"if","locations":[{"start":{"line":95,"column":6},"end":{"line":99,"column":7}},{"start":{"line":97,"column":13},"end":{"line":99,"column":7}}],"line":95},"10":{"loc":{"start":{"line":95,"column":10},"end":{"line":95,"column":52}},"type":"binary-expr","locations":[{"start":{"line":95,"column":10},"end":{"line":95,"column":17}},{"start":{"line":95,"column":21},"end":{"line":95,"column":28}},{"start":{"line":95,"column":32},"end":{"line":95,"column":40}},{"start":{"line":95,"column":44},"end":{"line":95,"column":52}}],"line":95}},"s":{"0":2,"1":1,"2":1,"3":4,"4":4,"5":16,"6":1,"7":4,"8":1,"9":1,"10":2,"11":1,"12":1,"13":4,"14":4,"15":16,"16":1,"17":4,"18":1,"19":1,"20":2,"21":1,"22":1,"23":4,"24":4,"25":16,"26":0,"27":4,"28":0,"29":1,"30":2,"31":3,"32":3,"33":3,"34":12,"35":3,"36":2,"37":1,"38":1,"39":1,"40":1,"41":2,"42":2,"43":4,"44":4,"45":4,"46":4,"47":4,"48":1,"49":2,"50":1,"51":1,"52":1,"53":1,"54":2,"55":2,"56":4,"57":4,"58":4,"59":4,"60":4,"61":1,"62":2,"63":2,"64":2,"65":2,"66":44,"67":44,"68":44,"69":528,"70":128,"71":400,"72":44,"73":2},"f":{"0":1,"1":4,"2":16,"3":1,"4":4,"5":16,"6":1,"7":4,"8":16,"9":3,"10":1,"11":1,"12":2},"b":{"0":[1,15],"1":[16,1],"2":[1,3],"3":[1,15],"4":[16,1],"5":[1,3],"6":[0,16],"7":[16,1],"8":[0,4],"9":[128,400],"10":[528,504,462,440]},"_coverageSchema":"1a1c01bbd47fc00a2c39e90264f33305004495a9","hash":"0ec0a0ce69eca178d8c9d6c06879c86a0aa0bc86"}
}
