TN:
SF:src/App.tsx
FN:16,(anonymous_0)
FN:22,(anonymous_1)
FN:28,(anonymous_2)
FNF:3
FNH:3
FNDA:1,(anonymous_0)
FNDA:1,(anonymous_1)
FNDA:1,(anonymous_2)
DA:14,1
DA:16,1
DA:17,1
DA:18,1
DA:19,1
DA:20,1
DA:22,1
DA:23,1
DA:24,0
DA:28,1
DA:29,1
DA:32,1
LF:12
LH:11
BRDA:23,0,0,0
BRDA:23,0,1,1
BRDA:23,1,0,1
BRDA:23,1,1,0
BRF:4
BRH:2
end_of_record
TN:
SF:src/Home/Home.tsx
FN:14,(anonymous_0)
FN:28,(anonymous_1)
FN:30,(anonymous_2)
FN:31,(anonymous_3)
FN:46,(anonymous_4)
FN:54,(anonymous_5)
FN:56,(anonymous_6)
FN:57,(anonymous_7)
FN:81,(anonymous_8)
FN:95,(anonymous_9)
FN:111,(anonymous_10)
FN:113,(anonymous_11)
FN:115,(anonymous_12)
FN:122,(anonymous_13)
FN:141,(anonymous_14)
FN:143,(anonymous_15)
FN:144,(anonymous_16)
FN:160,(anonymous_17)
FN:166,(anonymous_18)
FN:170,(anonymous_19)
FN:176,(anonymous_20)
FNF:21
FNH:4
FNDA:1,(anonymous_0)
FNDA:0,(anonymous_1)
FNDA:0,(anonymous_2)
FNDA:0,(anonymous_3)
FNDA:0,(anonymous_4)
FNDA:0,(anonymous_5)
FNDA:0,(anonymous_6)
FNDA:0,(anonymous_7)
FNDA:1,(anonymous_8)
FNDA:0,(anonymous_9)
FNDA:0,(anonymous_10)
FNDA:0,(anonymous_11)
FNDA:0,(anonymous_12)
FNDA:0,(anonymous_13)
FNDA:0,(anonymous_14)
FNDA:0,(anonymous_15)
FNDA:0,(anonymous_16)
FNDA:0,(anonymous_17)
FNDA:1,(anonymous_18)
FNDA:1,(anonymous_19)
FNDA:0,(anonymous_20)
DA:14,1
DA:25,1
DA:26,1
DA:28,1
DA:29,0
DA:30,0
DA:31,0
DA:32,0
DA:40,0
DA:44,0
DA:46,1
DA:47,0
DA:48,0
DA:49,0
DA:51,0
DA:52,0
DA:54,1
DA:55,0
DA:56,0
DA:57,0
DA:58,0
DA:65,0
DA:66,0
DA:68,0
DA:75,0
DA:76,0
DA:81,1
DA:82,1
DA:83,1
DA:84,0
DA:85,0
DA:86,0
DA:90,1
DA:91,0
DA:93,1
DA:95,1
DA:96,0
DA:98,0
DA:99,0
DA:101,0
DA:102,0
DA:104,0
DA:105,0
DA:107,0
DA:108,0
DA:111,1
DA:112,0
DA:113,0
DA:114,0
DA:115,0
DA:116,0
DA:117,0
DA:120,0
DA:122,0
DA:126,0
DA:127,0
DA:128,0
DA:129,0
DA:131,0
DA:134,0
DA:135,0
DA:136,0
DA:139,0
DA:141,1
DA:142,0
DA:143,0
DA:144,0
DA:145,0
DA:152,0
DA:156,0
DA:157,0
DA:158,0
DA:159,0
DA:160,0
DA:161,0
DA:163,0
DA:166,1
DA:167,1
DA:168,1
DA:169,1
DA:170,1
DA:171,1
DA:172,1
DA:173,1
DA:176,1
DA:177,0
DA:178,0
DA:179,0
DA:180,0
DA:181,0
DA:182,0
DA:183,0
DA:184,0
DA:186,0
DA:191,1
DA:192,1
LF:96
LH:25
BRDA:32,0,0,0
BRDA:32,0,1,0
BRDA:33,1,0,0
BRDA:33,1,1,0
BRDA:33,1,2,0
BRDA:33,1,3,0
BRDA:33,1,4,0
BRDA:33,1,5,0
BRDA:58,2,0,0
BRDA:58,2,1,0
BRDA:59,3,0,0
BRDA:59,3,1,0
BRDA:59,3,2,0
BRDA:59,3,3,0
BRDA:59,3,4,0
BRDA:68,4,0,0
BRDA:68,4,1,0
BRDA:69,5,0,0
BRDA:69,5,1,0
BRDA:69,5,2,0
BRDA:69,5,3,0
BRDA:69,5,4,0
BRDA:83,6,0,0
BRDA:83,6,1,1
BRDA:90,7,0,0
BRDA:90,7,1,1
BRDA:96,8,0,0
BRDA:96,8,1,0
BRDA:96,8,2,0
BRDA:96,8,3,0
BRDA:116,9,0,0
BRDA:116,9,1,0
BRDA:120,10,0,0
BRDA:120,10,1,0
BRDA:121,11,0,0
BRDA:121,11,1,0
BRDA:122,12,0,0
BRDA:122,12,1,0
BRDA:122,12,2,0
BRDA:128,13,0,0
BRDA:128,13,1,0
BRDA:128,14,0,0
BRDA:128,14,1,0
BRDA:128,14,2,0
BRDA:128,14,3,0
BRDA:145,15,0,0
BRDA:145,15,1,0
BRDA:146,16,0,0
BRDA:146,16,1,0
BRDA:146,16,2,0
BRDA:146,16,3,0
BRDA:146,16,4,0
BRDA:146,16,5,0
BRDA:158,17,0,0
BRDA:158,17,1,0
BRDA:160,18,0,0
BRDA:160,18,1,0
BRDA:177,19,0,0
BRDA:177,19,1,0
BRDA:178,20,0,0
BRDA:178,20,1,0
BRDA:178,21,0,0
BRDA:178,21,1,0
BRDA:181,22,0,0
BRDA:181,22,1,0
BRDA:216,23,0,0
BRDA:216,23,1,1
BRF:67
BRH:3
end_of_record
TN:
SF:src/Home/components/Oponents/Oponents.tsx
FN:9,(anonymous_0)
FN:12,(anonymous_1)
FN:14,(anonymous_2)
FN:18,(anonymous_3)
FN:67,(anonymous_4)
FN:69,(anonymous_5)
FN:88,(anonymous_6)
FN:111,(anonymous_7)
FN:113,(anonymous_8)
FN:132,(anonymous_9)
FNF:10
FNH:4
FNDA:2,(anonymous_0)
FNDA:2,(anonymous_1)
FNDA:2,(anonymous_2)
FNDA:2,(anonymous_3)
FNDA:0,(anonymous_4)
FNDA:0,(anonymous_5)
FNDA:0,(anonymous_6)
FNDA:0,(anonymous_7)
FNDA:0,(anonymous_8)
FNDA:0,(anonymous_9)
DA:9,1
DA:10,2
DA:11,2
DA:12,2
DA:13,2
DA:14,2
DA:15,2
DA:18,2
DA:19,2
DA:20,2
DA:21,2
DA:29,2
DA:31,2
DA:32,2
DA:33,2
DA:34,2
DA:35,2
DA:36,2
DA:37,2
DA:39,0
DA:40,0
DA:41,0
DA:42,0
DA:43,0
DA:44,0
DA:45,0
DA:47,0
DA:48,0
DA:49,0
DA:50,0
DA:51,0
DA:52,0
DA:53,0
DA:55,0
DA:56,0
DA:57,0
DA:58,0
DA:59,0
DA:60,0
DA:61,0
DA:63,2
DA:65,1
DA:66,0
DA:67,0
DA:69,0
DA:70,0
DA:72,0
DA:88,1
DA:89,0
DA:91,0
DA:107,1
DA:109,1
DA:110,0
DA:111,0
DA:113,0
DA:114,0
DA:116,0
DA:132,1
DA:133,0
DA:135,0
DA:153,2
LF:61
LH:26
BRDA:29,0,0,2
BRDA:29,0,1,0
BRDA:29,0,2,0
BRDA:29,0,3,0
BRDA:63,1,0,1
BRDA:63,1,1,1
BRDA:65,2,0,0
BRDA:65,2,1,1
BRDA:70,3,0,0
BRDA:70,3,1,0
BRDA:74,4,0,0
BRDA:74,4,1,0
BRDA:89,5,0,0
BRDA:89,5,1,0
BRDA:107,6,0,1
BRDA:107,6,1,0
BRDA:109,7,0,0
BRDA:109,7,1,1
BRDA:114,8,0,0
BRDA:114,8,1,0
BRDA:118,9,0,0
BRDA:118,9,1,0
BRDA:133,10,0,0
BRDA:133,10,1,0
BRF:24
BRH:6
end_of_record
TN:
SF:src/store/configure.ts
FNF:0
FNH:0
DA:4,1
LF:1
LH:1
BRF:0
BRH:0
end_of_record
TN:
SF:src/utils/utils.ts
FN:3,(anonymous_0)
FN:5,(anonymous_1)
FN:7,(anonymous_2)
FN:19,(anonymous_3)
FN:21,(anonymous_4)
FN:23,(anonymous_5)
FN:35,(anonymous_6)
FN:37,(anonymous_7)
FN:39,(anonymous_8)
FN:51,(anonymous_9)
FN:59,(anonymous_10)
FN:75,(anonymous_11)
FN:90,(anonymous_12)
FNF:13
FNH:13
FNDA:1,(anonymous_0)
FNDA:4,(anonymous_1)
FNDA:16,(anonymous_2)
FNDA:1,(anonymous_3)
FNDA:4,(anonymous_4)
FNDA:16,(anonymous_5)
FNDA:1,(anonymous_6)
FNDA:4,(anonymous_7)
FNDA:16,(anonymous_8)
FNDA:3,(anonymous_9)
FNDA:1,(anonymous_10)
FNDA:1,(anonymous_11)
FNDA:2,(anonymous_12)
DA:3,2
DA:4,1
DA:5,1
DA:6,4
DA:7,4
DA:8,16
DA:9,1
DA:12,4
DA:13,1
DA:16,1
DA:19,2
DA:20,1
DA:21,1
DA:22,4
DA:23,4
DA:24,16
DA:25,1
DA:28,4
DA:29,1
DA:32,1
DA:35,2
DA:36,1
DA:37,1
DA:38,4
DA:39,4
DA:40,16
DA:41,0
DA:44,4
DA:45,0
DA:48,1
DA:51,2
DA:52,3
DA:53,3
DA:54,12
DA:56,3
DA:59,2
DA:60,1
DA:61,1
DA:63,1
DA:64,2
DA:65,4
DA:66,4
DA:67,4
DA:68,4
DA:69,4
DA:72,1
DA:75,2
DA:76,1
DA:77,1
DA:78,1
DA:79,2
DA:80,4
DA:81,4
DA:82,4
DA:83,4
DA:84,4
DA:87,1
DA:90,2
DA:91,2
DA:92,2
DA:93,44
DA:94,44
DA:95,528
DA:96,128
DA:98,400
DA:101,44
DA:103,2
LF:67
LH:65
BRDA:8,0,0,1
BRDA:8,0,1,15
BRDA:8,1,0,16
BRDA:8,1,1,1
BRDA:12,2,0,1
BRDA:12,2,1,3
BRDA:24,3,0,1
BRDA:24,3,1,15
BRDA:24,4,0,16
BRDA:24,4,1,1
BRDA:28,5,0,1
BRDA:28,5,1,3
BRDA:40,6,0,0
BRDA:40,6,1,16
BRDA:40,7,0,16
BRDA:40,7,1,1
BRDA:44,8,0,0
BRDA:44,8,1,4
BRDA:95,9,0,128
BRDA:95,9,1,400
BRDA:95,10,0,528
BRDA:95,10,1,504
BRDA:95,10,2,462
BRDA:95,10,3,440
BRF:24
BRH:22
end_of_record
